#
# A fatal error has been detected by the Java Runtime Environment:
#
#  SIGBUS (0xa) at pc=0x00000001056e00b4, pid=22194, tid=34055
#
# JRE version: OpenJDK Runtime Environment Zulu13.44+13-CA (13.0.9+3) (build 13.0.9+3-MTS)
# Java VM: OpenJDK 64-Bit Server VM Zulu13.44+13-CA (13.0.9+3-MTS, mixed mode, tiered, compressed oops, g1 gc, bsd-aarch64)
# Problematic frame:
# V  [libjvm.dylib+0x6e00b4]  _ZN21MarkActivationClosure12do_code_blobEP8CodeBlob+0x3c
#
# No core dump will be written. Core dumps have been disabled. To enable core dumping, try "ulimit -c unlimited" before starting Java again
#
# If you would like to submit a bug report, please visit:
#   http://www.azul.com/support/
#

---------------  S U M M A R Y ------------

Command Line: -agentlib:jdwp=transport=dt_socket,address=127.0.0.1:51319,suspend=y,server=n -Dspring.profiles.active=local -XX:TieredStopAtLevel=1 -Xverify:none -Dspring.output.ansi.enabled=always -javaagent:/Users/martinslezak/Library/Caches/JetBrains/IntelliJIdea2020.3/captureAgent/debugger-agent.jar -Dcom.sun.management.jmxremote -Dspring.jmx.enabled=true -Dspring.liveBeansView.mbeanDomain -Dspring.application.admin.enabled=true -Dfile.encoding=UTF-8 com.og.lp.OgLpApplicationKt

Host: MacBookPro17,1 arm64 1 MHz, 8 cores, 16G, Darwin 20.6.0
Time: Wed Dec  8 22:14:49 2021 CET elapsed time: 18.699215 seconds (0d 0h 0m 18s)

---------------  T H R E A D  ---------------

Current thread (0x0000000160a3f800):  JavaThread "http-nio-8080-exec-1" daemon [_thread_in_vm, id=34055, stack(0x0000000173c8c000,0x0000000173e8f000)]

Stack: [0x0000000173c8c000,0x0000000173e8f000],  sp=0x0000000173e8b280,  free space=2044k
Native frames: (J=compiled Java code, A=aot compiled Java code, j=interpreted, Vv=VM code, C=native code)
V  [libjvm.dylib+0x6e00b4]  _ZN21MarkActivationClosure12do_code_blobEP8CodeBlob+0x3c
V  [libjvm.dylib+0x70e8dc]  _ZN10JavaThread11nmethods_doEP15CodeBlobClosure+0x80
V  [libjvm.dylib+0x2e01a0]  _ZN25HandshakeThreadsOperation12do_handshakeEP10JavaThread+0xcc
V  [libjvm.dylib+0x2e0544]  _ZN14HandshakeState18process_self_innerEP10JavaThread+0x110
V  [libjvm.dylib+0x624adc]  _ZN18SafepointMechanism18block_or_handshakeEP10JavaThread+0x60
V  [libjvm.dylib+0x624b04]  _ZN18SafepointMechanism23block_if_requested_slowEP10JavaThread+0x18
V  [libjvm.dylib+0x15d5e4]  _ZN21ThreadStateTransition5transE15JavaThreadStateS0_+0x4c
V  [libjvm.dylib+0x489930]  _ZN8JvmtiEnv21GetThreadLocalStorageEP8_jobjectPPv+0x244
C  [libjdwp.dylib+0x1eb58]  findThread+0x84
C  [libjdwp.dylib+0x1e5e0]  insertThread+0x30
C  [libjdwp.dylib+0x1ff90]  threadControl_onEventHandlerEntry+0x1e4
C  [libjdwp.dylib+0x16a10]  event_callback+0x198
C  [libjdwp.dylib+0x14af8]  cbClassPrepare+0xc0
V  [libjvm.dylib+0x498ab4]  _ZN11JvmtiExport18post_class_prepareEP10JavaThreadP5Klass+0x1c0
V  [libjvm.dylib+0x305ed0]  _ZN13InstanceKlass15link_class_implEP6Thread+0x324
V  [libjvm.dylib+0x306004]  _ZN13InstanceKlass15initialize_implEP6Thread+0x54
V  [libjvm.dylib+0x316c2c]  _ZN18InterpreterRuntime4_newEP10JavaThreadP12ConstantPooli+0x84
j  org.hibernate.internal.SessionImpl.createPersistenceContext()Lorg/hibernate/engine/internal/StatefulPersistenceContext;+0
j  org.hibernate.internal.SessionImpl.<init>(Lorg/hibernate/internal/SessionFactoryImpl;Lorg/hibernate/internal/SessionCreationOptions;)V+8
j  org.hibernate.internal.SessionFactoryImpl$SessionBuilderImpl.openSession()Lorg/hibernate/Session;+21
j  org.hibernate.internal.SessionFactoryImpl.buildEntityManager(Ljavax/persistence/SynchronizationType;Ljava/util/Map;)Lorg/hibernate/Session;+56
j  org.hibernate.internal.SessionFactoryImpl.createEntityManager()Lorg/hibernate/Session;+9
j  org.hibernate.internal.SessionFactoryImpl.createEntityManager()Ljavax/persistence/EntityManager;+1
v  ~StubRoutines::call_stub
V  [libjvm.dylib+0x31eaa8]  _ZN9JavaCalls11call_helperEP9JavaValueRK12methodHandleP17JavaCallArgumentsP6Thread+0x2f4
V  [libjvm.dylib+0x60f148]  _ZL6invokeP13InstanceKlassRK12methodHandle6Handleb14objArrayHandle9BasicTypeS5_bP6Thread+0x4e0
V  [libjvm.dylib+0x60ebf4]  _ZN10Reflection13invoke_methodEP7oopDesc6Handle14objArrayHandleP6Thread+0x108
V  [libjvm.dylib+0x3b4bf4]  JVM_InvokeMethod+0x270
J 2233  jdk.internal.reflect.NativeMethodAccessorImpl.invoke0(Ljava/lang/reflect/Method;Ljava/lang/Object;[Ljava/lang/Object;)Ljava/lang/Object; java.base@13.0.9 (0 bytes) @ 0x000000010e17ef70 [0x000000010e17eec0+0x00000000000000b0]
C  0x00000006c2308ce0

Java frames: (J=compiled Java code, j=interpreted, Vv=VM code)
j  org.hibernate.internal.SessionImpl.createPersistenceContext()Lorg/hibernate/engine/internal/StatefulPersistenceContext;+0
j  org.hibernate.internal.SessionImpl.<init>(Lorg/hibernate/internal/SessionFactoryImpl;Lorg/hibernate/internal/SessionCreationOptions;)V+8
j  org.hibernate.internal.SessionFactoryImpl$SessionBuilderImpl.openSession()Lorg/hibernate/Session;+21
j  org.hibernate.internal.SessionFactoryImpl.buildEntityManager(Ljavax/persistence/SynchronizationType;Ljava/util/Map;)Lorg/hibernate/Session;+56
j  org.hibernate.internal.SessionFactoryImpl.createEntityManager()Lorg/hibernate/Session;+9
j  org.hibernate.internal.SessionFactoryImpl.createEntityManager()Ljavax/persistence/EntityManager;+1
v  ~StubRoutines::call_stub
J 2233  jdk.internal.reflect.NativeMethodAccessorImpl.invoke0(Ljava/lang/reflect/Method;Ljava/lang/Object;[Ljava/lang/Object;)Ljava/lang/Object; java.base@13.0.9 (0 bytes) @ 0x000000010e17ef74 [0x000000010e17eec0+0x00000000000000b4]
J 2232 c1 jdk.internal.reflect.NativeMethodAccessorImpl.invoke(Ljava/lang/Object;[Ljava/lang/Object;)Ljava/lang/Object; java.base@13.0.9 (104 bytes) @ 0x000000010e180ff8 [0x000000010e180cc0+0x0000000000000338]
J 2343 c1 jdk.internal.reflect.DelegatingMethodAccessorImpl.invoke(Ljava/lang/Object;[Ljava/lang/Object;)Ljava/lang/Object; java.base@13.0.9 (10 bytes) @ 0x000000010e1c36c8 [0x000000010e1c3640+0x0000000000000088]
J 2352 c1 java.lang.reflect.Method.invoke(Ljava/lang/Object;[Ljava/lang/Object;)Ljava/lang/Object; java.base@13.0.9 (65 bytes) @ 0x000000010e1cc560 [0x000000010e1cc440+0x0000000000000120]
j  org.springframework.orm.jpa.AbstractEntityManagerFactoryBean.invokeProxyMethod(Ljava/lang/reflect/Method;[Ljava/lang/Object;)Ljava/lang/Object;+162
j  org.springframework.orm.jpa.AbstractEntityManagerFactoryBean$ManagedEntityManagerFactoryInvocationHandler.invoke(Ljava/lang/Object;Ljava/lang/reflect/Method;[Ljava/lang/Object;)Ljava/lang/Object;+182
j  com.sun.proxy.$Proxy75.createEntityManager()Ljavax/persistence/EntityManager;+9
j  org.springframework.orm.jpa.EntityManagerFactoryAccessor.createEntityManager()Ljavax/persistence/EntityManager;+28
j  org.springframework.orm.jpa.support.OpenEntityManagerInViewInterceptor.preHandle(Lorg/springframework/web/context/request/WebRequest;)V+103
j  org.springframework.web.servlet.handler.WebRequestHandlerInterceptorAdapter.preHandle(Ljavax/servlet/http/HttpServletRequest;Ljavax/servlet/http/HttpServletResponse;Ljava/lang/Object;)Z+13
j  org.springframework.web.servlet.HandlerExecutionChain.applyPreHandle(Ljavax/servlet/http/HttpServletRequest;Ljavax/servlet/http/HttpServletResponse;)Z+38
j  org.springframework.web.servlet.DispatcherServlet.doDispatch(Ljavax/servlet/http/HttpServletRequest;Ljavax/servlet/http/HttpServletResponse;)V+210
j  org.springframework.web.servlet.DispatcherServlet.doService(Ljavax/servlet/http/HttpServletRequest;Ljavax/servlet/http/HttpServletResponse;)V+241
j  org.springframework.web.servlet.FrameworkServlet.processRequest(Ljavax/servlet/http/HttpServletRequest;Ljavax/servlet/http/HttpServletResponse;)V+71
j  org.springframework.web.servlet.FrameworkServlet.doGet(Ljavax/servlet/http/HttpServletRequest;Ljavax/servlet/http/HttpServletResponse;)V+3
j  javax.servlet.http.HttpServlet.service(Ljavax/servlet/http/HttpServletRequest;Ljavax/servlet/http/HttpServletResponse;)V+35
j  org.springframework.web.servlet.FrameworkServlet.service(Ljavax/servlet/http/HttpServletRequest;Ljavax/servlet/http/HttpServletResponse;)V+33
j  javax.servlet.http.HttpServlet.service(Ljavax/servlet/ServletRequest;Ljavax/servlet/ServletResponse;)V+36
j  org.apache.catalina.core.ApplicationFilterChain.internalDoFilter(Ljavax/servlet/ServletRequest;Ljavax/servlet/ServletResponse;)V+304
j  org.apache.catalina.core.ApplicationFilterChain.doFilter(Ljavax/servlet/ServletRequest;Ljavax/servlet/ServletResponse;)V+99
j  org.apache.tomcat.websocket.server.WsFilter.doFilter(Ljavax/servlet/ServletRequest;Ljavax/servlet/ServletResponse;Ljavax/servlet/FilterChain;)V+21
j  org.apache.catalina.core.ApplicationFilterChain.internalDoFilter(Ljavax/servlet/ServletRequest;Ljavax/servlet/ServletResponse;)V+135
j  org.apache.catalina.core.ApplicationFilterChain.doFilter(Ljavax/servlet/ServletRequest;Ljavax/servlet/ServletResponse;)V+99
j  org.springframework.web.filter.RequestContextFilter.doFilterInternal(Ljavax/servlet/http/HttpServletRequest;Ljavax/servlet/http/HttpServletResponse;Ljavax/servlet/FilterChain;)V+21
j  org.springframework.web.filter.OncePerRequestFilter.doFilter(Ljavax/servlet/ServletRequest;Ljavax/servlet/ServletResponse;Ljavax/servlet/FilterChain;)V+147
j  org.apache.catalina.core.ApplicationFilterChain.internalDoFilter(Ljavax/servlet/ServletRequest;Ljavax/servlet/ServletResponse;)V+135
j  org.apache.catalina.core.ApplicationFilterChain.doFilter(Ljavax/servlet/ServletRequest;Ljavax/servlet/ServletResponse;)V+99
j  org.springframework.web.filter.FormContentFilter.doFilterInternal(Ljavax/servlet/http/HttpServletRequest;Ljavax/servlet/http/HttpServletResponse;Ljavax/servlet/FilterChain;)V+38
j  org.springframework.web.filter.OncePerRequestFilter.doFilter(Ljavax/servlet/ServletRequest;Ljavax/servlet/ServletResponse;Ljavax/servlet/FilterChain;)V+147
j  org.apache.catalina.core.ApplicationFilterChain.internalDoFilter(Ljavax/servlet/ServletRequest;Ljavax/servlet/ServletResponse;)V+135
j  org.apache.catalina.core.ApplicationFilterChain.doFilter(Ljavax/servlet/ServletRequest;Ljavax/servlet/ServletResponse;)V+99
j  org.springframework.web.filter.CharacterEncodingFilter.doFilterInternal(Ljavax/servlet/http/HttpServletRequest;Ljavax/servlet/http/HttpServletResponse;Ljavax/servlet/FilterChain;)V+53
j  org.springframework.web.filter.OncePerRequestFilter.doFilter(Ljavax/servlet/ServletRequest;Ljavax/servlet/ServletResponse;Ljavax/servlet/FilterChain;)V+147
j  org.apache.catalina.core.ApplicationFilterChain.internalDoFilter(Ljavax/servlet/ServletRequest;Ljavax/servlet/ServletResponse;)V+135
j  org.apache.catalina.core.ApplicationFilterChain.doFilter(Ljavax/servlet/ServletRequest;Ljavax/servlet/ServletResponse;)V+99
j  org.apache.catalina.core.StandardWrapperValve.invoke(Lorg/apache/catalina/connector/Request;Lorg/apache/catalina/connector/Response;)V+694
j  org.apache.catalina.core.StandardContextValve.invoke(Lorg/apache/catalina/connector/Request;Lorg/apache/catalina/connector/Response;)V+169
j  org.apache.catalina.authenticator.AuthenticatorBase.invoke(Lorg/apache/catalina/connector/Request;Lorg/apache/catalina/connector/Response;)V+260
j  org.apache.catalina.core.StandardHostValve.invoke(Lorg/apache/catalina/connector/Request;Lorg/apache/catalina/connector/Response;)V+128
j  org.apache.catalina.valves.ErrorReportValve.invoke(Lorg/apache/catalina/connector/Request;Lorg/apache/catalina/connector/Response;)V+6
j  org.apache.catalina.core.StandardEngineValve.invoke(Lorg/apache/catalina/connector/Request;Lorg/apache/catalina/connector/Response;)V+59
j  org.apache.catalina.connector.CoyoteAdapter.service(Lorg/apache/coyote/Request;Lorg/apache/coyote/Response;)V+199
j  org.apache.coyote.http11.Http11Processor.service(Lorg/apache/tomcat/util/net/SocketWrapperBase;)Lorg/apache/tomcat/util/net/AbstractEndpoint$Handler$SocketState;+737
j  org.apache.coyote.AbstractProcessorLight.process(Lorg/apache/tomcat/util/net/SocketWrapperBase;Lorg/apache/tomcat/util/net/SocketEvent;)Lorg/apache/tomcat/util/net/AbstractEndpoint$Handler$SocketState;+170
j  org.apache.coyote.AbstractProtocol$ConnectionHandler.process(Lorg/apache/tomcat/util/net/SocketWrapperBase;Lorg/apache/tomcat/util/net/SocketEvent;)Lorg/apache/tomcat/util/net/AbstractEndpoint$Handler$SocketState;+505
j  org.apache.tomcat.util.net.NioEndpoint$SocketProcessor.doRun()V+216
j  org.apache.tomcat.util.net.SocketProcessorBase.run()V+21
j  org.apache.tomcat.util.threads.ThreadPoolExecutor.runWorker(Lorg/apache/tomcat/util/threads/ThreadPoolExecutor$Worker;)V+92
j  org.apache.tomcat.util.threads.ThreadPoolExecutor$Worker.run()V+5
j  org.apache.tomcat.util.threads.TaskThread$WrappingRunnable.run()V+4
j  java.lang.Thread.run()V+11 java.base@13.0.9
v  ~StubRoutines::call_stub

siginfo: si_signo: 10 (SIGBUS), si_code: 1 (BUS_ADRALN), si_addr: 0x000000010e17ee58

Register to memory mapping:

 x0=0x000000010597c878: _ZL23mark_activation_closure+0 in /Users/martinslezak/Library/Java/JavaVirtualMachines/azul-13.0.9/Contents/Home/lib/server/libjvm.dylib at 0x0000000105000000
 x1=0x000000010e17ed10 is at entry_point+-432 in (nmethod*)0x000000010e17ed10
 x2=0x00000001056e0078: _ZN21MarkActivationClosure12do_code_blobEP8CodeBlob+0 in /Users/martinslezak/Library/Java/JavaVirtualMachines/azul-13.0.9/Contents/Home/lib/server/libjvm.dylib at 0x0000000105000000
 x3=0x000000014781dadc points into unknown readable memory: 00 00 00 00
 x4=0x0000000173e8b3d0 is pointing into the stack for thread: 0x0000000160a3f800
 x5=0x0000000173e8b990 is pointing into the stack for thread: 0x0000000160a3f800
 x6=0x0000000000000065 is an unknown value
 x7=3648 is a compressed pointer to class: 0x0000000800000e40
 x8=0x0000000105929000: _ZN12StubRoutines6_code2E+0 in /Users/martinslezak/Library/Java/JavaVirtualMachines/azul-13.0.9/Contents/Home/lib/server/libjvm.dylib at 0x0000000105000000
 x9=0x00000000000001e0 is an unknown value
x10=0x00000000000071da is an unknown value
x11=0x0000000100bb4000 points into unknown readable memory: 00 01 02 03 04 05 06 00
x12=0x00000000000071da is an unknown value
x13=0x0 is NULL
x14=0x0000000000000010 is an unknown value
x15=0x00000000000046f6 is an unknown value
x16=0x000000018767e3c8: free+0 in /usr/lib/system/libsystem_malloc.dylib at 0x000000018767c000
x17=0x00000001f62d9968: _printf_tbl_defaults_fbsd+0x3d8 in /usr/lib/system/libsystem_c.dylib at 0x000000018772a000
x18=0x0 is NULL
x19=0x000000010e17ed10 is at entry_point+-432 in (nmethod*)0x000000010e17ed10
x20=0x0000000160a3f800 is a thread
x21=0x0000000173e8b2d0 is pointing into the stack for thread: 0x0000000160a3f800
x22=0x0000000105929008: _ZN12StubRoutines25_call_stub_return_addressE+0 in /Users/martinslezak/Library/Java/JavaVirtualMachines/azul-13.0.9/Contents/Home/lib/server/libjvm.dylib at 0x0000000105000000
x23=0x0000000160155410 points into unknown readable memory: 38 b3 11 c2 06 00 00 00
x24=0x000000018786e644: tlv_get_addr+0 in /usr/lib/system/libdyld.dylib at 0x0000000187861000
x25=0x0000000000000007 is an unknown value
x26=0x00000001009c8000: debugInit_exit.cold.1+0xab28 in /Users/martinslezak/Library/Java/JavaVirtualMachines/azul-13.0.9/Contents/Home/lib/libjdwp.dylib at 0x0000000100994000
x27=0x0000000105922ef0: _ZN10JvmtiTrace18_event_trace_flagsE+0 in /Users/martinslezak/Library/Java/JavaVirtualMachines/azul-13.0.9/Contents/Home/lib/server/libjvm.dylib at 0x0000000105000000
x28=0x0000000105928d20: _ZN18SafepointMechanism13_polling_typeE+0 in /Users/martinslezak/Library/Java/JavaVirtualMachines/azul-13.0.9/Contents/Home/lib/server/libjvm.dylib at 0x0000000105000000


Registers:
 x0=0x000000010597c878  x1=0x000000010e17ed10  x2=0x00000001056e0078  x3=0x000000014781dadc
 x4=0x0000000173e8b3d0  x5=0x0000000173e8b990  x6=0x0000000000000065  x7=0x0000000000000e40
 x8=0x0000000105929000  x9=0x00000000000001e0 x10=0x00000000000071da x11=0x0000000100bb4000
x12=0x00000000000071da x13=0x0000000000000000 x14=0x0000000000000010 x15=0x00000000000046f6
x16=0x000000018767e3c8 x17=0x00000001f62d9968 x18=0x0000000000000000 x19=0x000000010e17ed10
x20=0x0000000160a3f800 x21=0x0000000173e8b2d0 x22=0x0000000105929008 x23=0x0000000160155410
x24=0x000000018786e644 x25=0x0000000000000007 x26=0x00000001009c8000 x27=0x0000000105922ef0
x28=0x0000000105928d20  fp=0x0000000173e8b290  lr=0x000000010570e8dc  sp=0x0000000173e8b280
pc=0x00000001056e00b4 cpsr=0x0000000080001000
Top of Stack: (sp=0x0000000173e8b280)
0x0000000173e8b280:   0000000160a3f800 000000010597c878
0x0000000173e8b290:   0000000173e8b980 000000010570e8dc
0x0000000173e8b2a0:   0000000173e8ca60 000000010e17ef74
0x0000000173e8b2b0:   000000010e17ed10 0000000100000000
0x0000000173e8b2c0:   0000000000000000 0000000173e8ca60
0x0000000173e8b2d0:   00000001877a5dcf 00000001056aa3e4
0x0000000173e8b2e0:   0000000173e8b368 0000000173e8b59d
0x0000000173e8b2f0:   0000000173e8b59b 0000000173e8b474
0x0000000173e8b300:   0000000073e8b350 0000000173e8b59a
0x0000000173e8b310:   00000001877a7a01 0000000173e8b474
0x0000000173e8b320:   0000000173e8b474 0000000000000001
0x0000000173e8b330:   0000000173e8b4e7 0000000000000000
0x0000000173e8b340:   0000000173e8b788 0000000000000000
0x0000000173e8b350:   0000000173e8b598 00000001f2cae028
0x0000000173e8b360:   000000000000003c 0000000160a3f800
0x0000000173e8b370:   0000000054edc4c3 0000000173e8b474
0x0000000173e8b380:   0000000000000003 00000001057a6461
0x0000000173e8b390:   0000000000000005 000000000000003c
0x0000000173e8b3a0:   0000000073e8b3c0 ffffffffffffffff
0x0000000173e8b3b0:   0000000173e8b3d8 0000000173e8b990
0x0000000173e8b3c0:   0000000000000000 0000000160a3f800
0x0000000173e8b3d0:   0000000173e8b788 0000000173e8b3e8
0x0000000173e8b3e0:   0000000000000000 00000001057a647e
0x0000000173e8b3f0:   0000000000000010 00000001057893f3
0x0000000173e8b400:   0000000000000005 0000000173e8b58f
0x0000000173e8b410:   0000000000000009 0000000173e8b430
0x0000000173e8b420:   0000000173e8b800 903e8001877705ec
0x0000000173e8b430:   000000010d872e00 000000010539e714
0x0000000173e8b440:   00000001877a5dcf 0000000173e8b488
0x0000000173e8b450:   0000000173e8b470 0000000173e8b70d
0x0000000173e8b460:   0000000173e8b70b 5800000173e8b5e4
0x0000000173e8b470:   0000000054edc4c3 0000000173e8b70a 

Instructions: (pc=0x00000001056e00b4)
0x00000001056dffb4:   fd41dd00 5e61d800 90000908 fd46dd01
0x00000001056dffc4:   1e611800 fd0003e0 90000821 91079c21
0x00000001056dffd4:   aa1303e0 97fb5b38 d0001248 f941bd08
0x00000001056dffe4:   f90003e8 90000821 91085021 aa1303e0
0x00000001056dfff4:   97fb5b31 d0001248 f941d108 b0001249
0x00000001056e0004:   f941d529 a90027e8 f0000801 9108ec21
0x00000001056e0014:   aa1303e0 97fb5b28 b0001248 f941d908
0x00000001056e0024:   d34afd08 f90003e8 f0000801 9109ec21
0x00000001056e0034:   aa1303e0 97fb5b20 aa1403e0 a9427bfd
0x00000001056e0044:   a9414ff4 9100c3ff 17fb6211 a9bf7bfd
0x00000001056e0054:   910003fd d2800000 a8c17bfd d65f03c0
0x00000001056e0064:   a9bf7bfd 910003fd d2800000 a8c17bfd
0x00000001056e0074:   d65f03c0 a9be4ff4 a9017bfd 910043fd
0x00000001056e0084:   aa0103f3 b0001248 b9439d09 35000129
0x00000001056e0094:   f0000f29 d503201f f9447529 d354fd2a
0x00000001056e00a4:   531f794a f144013f 1a9f2549 b9039d09
0x00000001056e00b4:   b9014a69 f9400268 f9404108 aa1303e0
0x00000001056e00c4:   d63f0100 340000a0 aa1303e0 a9417bfd
0x00000001056e00d4:   a8c24ff4 17faa704 a9417bfd a8c24ff4
0x00000001056e00e4:   d65f03c0 a9bf7bfd 910003fd b0001248
0x00000001056e00f4:   b9439d09 35000129 f0000f29 d503201f
0x00000001056e0104:   f9447529 d354fd2a 531f794a f144013f
0x00000001056e0114:   1a9f2549 b9039d09 b9014829 a8c17bfd
0x00000001056e0124:   d65f03c0 a9be4ff4 a9017bfd 910043fd
0x00000001056e0134:   aa0103f3 aa0003f4 f9400028 f9402108
0x00000001056e0144:   aa0103e0 d63f0100 340000c0 f9400268
0x00000001056e0154:   f9402908 aa1303e0 d63f0100 36000080
0x00000001056e0164:   a9417bfd a8c24ff4 d65f03c0 f9400681
0x00000001056e0174:   f9400268 f9406902 aa1303e0 a9417bfd
0x00000001056e0184:   a8c24ff4 d61f0040 a9bf7bfd 910003fd
0x00000001056e0194:   f9400c01 52800020 a8c17bfd 1400bdbb
0x00000001056e01a4:   a9be4ff4 a9017bfd 910043fd 39404008 


Stack slot to memory mapping:
stack at sp + 0 slots: 0x0000000160a3f800 is a thread
stack at sp + 1 slots: 0x000000010597c878: _ZL23mark_activation_closure+0 in /Users/martinslezak/Library/Java/JavaVirtualMachines/azul-13.0.9/Contents/Home/lib/server/libjvm.dylib at 0x0000000105000000
stack at sp + 2 slots: 0x0000000173e8b980 is pointing into the stack for thread: 0x0000000160a3f800
stack at sp + 3 slots: 0x000000010570e8dc: _ZN10JavaThread11nmethods_doEP15CodeBlobClosure+0x80 in /Users/martinslezak/Library/Java/JavaVirtualMachines/azul-13.0.9/Contents/Home/lib/server/libjvm.dylib at 0x0000000105000000
stack at sp + 4 slots: 0x0000000173e8ca60 is pointing into the stack for thread: 0x0000000160a3f800
stack at sp + 5 slots: 0x000000010e17ef74 is at entry_point+180 in (nmethod*)0x000000010e17ed10
stack at sp + 6 slots: 0x000000010e17ed10 is at entry_point+-432 in (nmethod*)0x000000010e17ed10
stack at sp + 7 slots: 0x0000000100000000 is an unknown value


---------------  P R O C E S S  ---------------

Threads class SMR info:
_java_thread_list=0x000000012c7885e0, length=25, elements={
0x0000000147008800, 0x0000000147009000, 0x000000016081f800, 0x0000000160813800,
0x0000000160814000, 0x000000015780b000, 0x000000015011c800, 0x0000000157019800,
0x00000001608b2800, 0x00000001608b3000, 0x00000001608b4000, 0x00000001503b6800,
0x0000000157266000, 0x0000000157266800, 0x00000001609b9800, 0x0000000160a39800,
0x00000001472c8800, 0x0000000157234800, 0x000000012a811000, 0x00000001472ea000,
0x00000001472eb000, 0x00000001472e9000, 0x0000000160a2b000, 0x0000000160a3f000,
0x0000000160a3f800
}

Java Threads: ( => current thread )
  0x0000000147008800 JavaThread "Reference Handler" daemon [_thread_blocked, id=12803, stack(0x0000000170430000,0x0000000170633000)]
  0x0000000147009000 JavaThread "Finalizer" daemon [_thread_blocked, id=16387, stack(0x000000017063c000,0x000000017083f000)]
  0x000000016081f800 JavaThread "Signal Dispatcher" daemon [_thread_blocked, id=43267, stack(0x0000000170960000,0x0000000170b63000)]
  0x0000000160813800 JavaThread "Service Thread" daemon [_thread_blocked, id=22531, stack(0x0000000170b6c000,0x0000000170d6f000)]
  0x0000000160814000 JavaThread "C1 CompilerThread0" daemon [_thread_blocked, id=42499, stack(0x0000000170d78000,0x0000000170f7b000)]
  0x000000015780b000 JavaThread "Sweeper thread" daemon [_thread_blocked, id=22787, stack(0x0000000170f84000,0x0000000171187000)]
  0x000000015011c800 JavaThread "Common-Cleaner" daemon [_thread_blocked, id=41731, stack(0x0000000171190000,0x0000000171393000)]
  0x0000000157019800 JavaThread "JDWP Transport Listener: dt_socket" daemon [_thread_blocked, id=41219, stack(0x000000017139c000,0x000000017159f000)]
  0x00000001608b2800 JavaThread "JDWP Event Helper Thread" daemon [_thread_blocked, id=24323, stack(0x00000001715a8000,0x00000001717ab000)]
  0x00000001608b3000 JavaThread "JDWP Command Reader" daemon [_thread_in_native, id=40963, stack(0x00000001717b4000,0x00000001719b7000)]
  0x00000001608b4000 JavaThread "RMI TCP Accept-0" daemon [_thread_in_native, id=40195, stack(0x00000001719c0000,0x0000000171bc3000)]
  0x00000001503b6800 JavaThread "Attach Listener" daemon [_thread_blocked, id=27143, stack(0x0000000172814000,0x0000000172a17000)]
  0x0000000157266000 JavaThread "Catalina-utility-1" [_thread_blocked, id=37639, stack(0x0000000172c2c000,0x0000000172e2f000)]
  0x0000000157266800 JavaThread "Catalina-utility-2" [_thread_blocked, id=27907, stack(0x0000000172e38000,0x000000017303b000)]
  0x00000001609b9800 JavaThread "container-0" [_thread_blocked, id=36611, stack(0x0000000173044000,0x0000000173247000)]
  0x0000000160a39800 JavaThread "RMI TCP Connection(3)-127.0.0.1" daemon [_thread_in_native, id=36355, stack(0x0000000173250000,0x0000000173453000)]
  0x00000001472c8800 JavaThread "RMI Scheduler(0)" daemon [_thread_blocked, id=28675, stack(0x000000017345c000,0x000000017365f000)]
  0x0000000157234800 JavaThread "HikariPool-1 housekeeper" daemon [_thread_blocked, id=35079, stack(0x0000000173668000,0x000000017386b000)]
  0x000000012a811000 JavaThread "RMI TCP Connection(2)-127.0.0.1" daemon [_thread_in_native, id=29955, stack(0x0000000173e98000,0x000000017409b000)]
  0x00000001472ea000 JavaThread "http-nio-8080-Poller" daemon [_thread_in_native, id=30983, stack(0x00000001740a4000,0x00000001742a7000)]
  0x00000001472eb000 JavaThread "http-nio-8080-Acceptor" daemon [_thread_in_native, id=31235, stack(0x00000001742b0000,0x00000001744b3000)]
  0x00000001472e9000 JavaThread "DestroyJavaVM" [_thread_blocked, id=9987, stack(0x000000016f5dc000,0x000000016f7df000)]
  0x0000000160a2b000 JavaThread "RMI TCP Connection(4)-127.0.0.1" daemon [_thread_in_native, id=32771, stack(0x00000001746c8000,0x00000001748cb000)]
  0x0000000160a3f000 JavaThread "RMI TCP Connection(5)-127.0.0.1" daemon [_thread_in_native, id=43523, stack(0x00000001748d4000,0x0000000174ad7000)]
=>0x0000000160a3f800 JavaThread "http-nio-8080-exec-1" daemon [_thread_in_vm, id=34055, stack(0x0000000173c8c000,0x0000000173e8f000)]

Other Threads:
  0x000000015701f800 VMThread "VM Thread" [stack: 0x0000000170224000,0x0000000170427000] [id=17411] _threads_hazard_ptr=0x000000012c7885e0
  0x00000001470ea000 WatcherThread [stack: 0x0000000171bcc000,0x0000000171dcf000] [id=25091]
  0x0000000150040800 GCTaskThread "GC Thread#0" [stack: 0x000000016f7e8000,0x000000016f9eb000] [id=19971]
  0x0000000137033000 GCTaskThread "GC Thread#1" [stack: 0x0000000171dd8000,0x0000000171fdb000] [id=25603]
  0x0000000147241800 GCTaskThread "GC Thread#2" [stack: 0x0000000171fe4000,0x00000001721e7000] [id=39683]
  0x0000000147242800 GCTaskThread "GC Thread#3" [stack: 0x00000001721f0000,0x00000001723f3000] [id=39427]
  0x0000000147243000 GCTaskThread "GC Thread#4" [stack: 0x00000001723fc000,0x00000001725ff000] [id=26627]
  0x0000000147244000 GCTaskThread "GC Thread#5" [stack: 0x0000000172608000,0x000000017280b000] [id=38915]
  0x00000001503c3000 GCTaskThread "GC Thread#6" [stack: 0x0000000173874000,0x0000000173a77000] [id=29187]
  0x00000001503b9000 GCTaskThread "GC Thread#7" [stack: 0x0000000173a80000,0x0000000173c83000] [id=34819]
  0x0000000150051800 ConcurrentGCThread "G1 Main Marker" [stack: 0x000000016f9f4000,0x000000016fbf7000] [id=19459]
  0x0000000150052800 ConcurrentGCThread "G1 Conc#0" [stack: 0x000000016fc00000,0x000000016fe03000] [id=18947]
  0x000000015035a000 ConcurrentGCThread "G1 Conc#1" [stack: 0x0000000172a20000,0x0000000172c23000] [id=27395]
  0x00000001500f2800 ConcurrentGCThread "G1 Refine#0" [stack: 0x000000016fe0c000,0x000000017000f000] [id=18435]
  0x00000001500f3800 ConcurrentGCThread "G1 Young RemSet Sampling" [stack: 0x0000000170018000,0x000000017021b000] [id=11523]

Threads with active compile tasks:

VM state:not at safepoint (normal execution)

VM Mutex/Monitor currently owned by a thread: None

Heap address: 0x00000006c0000000, size: 4096 MB, Compressed Oops mode: Zero based, Oop shift amount: 3
Narrow klass base: 0x0000000800000000, Narrow klass shift: 0
Compressed class space size: 1073741824 Address: 0x0000000800000000

Heap:
 garbage-first heap   total 96256K, used 21574K [0x00000006c0000000, 0x00000007c0000000)
  region size 1024K, 7 young (7168K), 5 survivors (5120K)
 Metaspace       used 53245K, capacity 54697K, committed 54832K, reserved 1097728K
  class space    used 6693K, capacity 7253K, committed 7296K, reserved 1048576K
Heap Regions: E=young(eden), S=young(survivor), O=old, HS=humongous(starts), HC=humongous(continues), CS=collection set, F=free, A=archive, TAMS=top-at-mark-start (previous, next)
|   0|0x00000006c0000000, 0x00000006c0100000, 0x00000006c0100000|100%|HS|  |TAMS 0x00000006c0100000, 0x00000006c0000000| Complete 
|   1|0x00000006c0100000, 0x00000006c0200000, 0x00000006c0200000|100%| O|  |TAMS 0x00000006c0200000, 0x00000006c0100000| Untracked 
|   2|0x00000006c0200000, 0x00000006c0300000, 0x00000006c0300000|100%| O|  |TAMS 0x00000006c0300000, 0x00000006c0200000| Untracked 
|   3|0x00000006c0300000, 0x00000006c0400000, 0x00000006c0400000|100%| O|  |TAMS 0x00000006c0400000, 0x00000006c0300000| Untracked 
|   4|0x00000006c0400000, 0x00000006c0408200, 0x00000006c0500000|  3%| O|  |TAMS 0x00000006c0408200, 0x00000006c0400000| Untracked 
|   5|0x00000006c0500000, 0x00000006c0600000, 0x00000006c0600000|100%| O|  |TAMS 0x00000006c0600000, 0x00000006c0500000| Untracked 
|   6|0x00000006c0600000, 0x00000006c0690200, 0x00000006c0700000| 56%| O|  |TAMS 0x00000006c0690200, 0x00000006c0600000| Untracked 
|   7|0x00000006c0700000, 0x00000006c0800000, 0x00000006c0800000|100%| O|  |TAMS 0x00000006c0700000, 0x00000006c0700000| Untracked 
|   8|0x00000006c0800000, 0x00000006c0900000, 0x00000006c0900000|100%| O|  |TAMS 0x00000006c0800000, 0x00000006c0800000| Untracked 
|   9|0x00000006c0900000, 0x00000006c0a00000, 0x00000006c0a00000|100%| O|  |TAMS 0x00000006c0900000, 0x00000006c0900000| Untracked 
|  10|0x00000006c0a00000, 0x00000006c0b00000, 0x00000006c0b00000|100%| O|  |TAMS 0x00000006c0a00000, 0x00000006c0a00000| Untracked 
|  11|0x00000006c0b00000, 0x00000006c0c00000, 0x00000006c0c00000|100%| O|  |TAMS 0x00000006c0b00000, 0x00000006c0b00000| Untracked 
|  12|0x00000006c0c00000, 0x00000006c0d00000, 0x00000006c0d00000|100%| O|  |TAMS 0x00000006c0c00000, 0x00000006c0c00000| Untracked 
|  13|0x00000006c0d00000, 0x00000006c0e00000, 0x00000006c0e00000|100%| O|  |TAMS 0x00000006c0d00000, 0x00000006c0d00000| Untracked 
|  14|0x00000006c0e00000, 0x00000006c0ea4800, 0x00000006c0f00000| 64%| O|  |TAMS 0x00000006c0e00000, 0x00000006c0e00000| Untracked 
|  15|0x00000006c0f00000, 0x00000006c0f00000, 0x00000006c1000000|  0%| F|  |TAMS 0x00000006c0f00000, 0x00000006c0f00000| Untracked 
|  16|0x00000006c1000000, 0x00000006c1000000, 0x00000006c1100000|  0%| F|  |TAMS 0x00000006c1000000, 0x00000006c1000000| Untracked 
|  17|0x00000006c1100000, 0x00000006c1100000, 0x00000006c1200000|  0%| F|  |TAMS 0x00000006c1100000, 0x00000006c1100000| Untracked 
|  18|0x00000006c1200000, 0x00000006c1200000, 0x00000006c1300000|  0%| F|  |TAMS 0x00000006c1200000, 0x00000006c1200000| Untracked 
|  19|0x00000006c1300000, 0x00000006c1300000, 0x00000006c1400000|  0%| F|  |TAMS 0x00000006c1300000, 0x00000006c1300000| Untracked 
|  20|0x00000006c1400000, 0x00000006c1400000, 0x00000006c1500000|  0%| F|  |TAMS 0x00000006c1400000, 0x00000006c1400000| Untracked 
|  21|0x00000006c1500000, 0x00000006c1500000, 0x00000006c1600000|  0%| F|  |TAMS 0x00000006c1500000, 0x00000006c1500000| Untracked 
|  22|0x00000006c1600000, 0x00000006c1600000, 0x00000006c1700000|  0%| F|  |TAMS 0x00000006c1600000, 0x00000006c1600000| Untracked 
|  23|0x00000006c1700000, 0x00000006c1700000, 0x00000006c1800000|  0%| F|  |TAMS 0x00000006c1700000, 0x00000006c1700000| Untracked 
|  24|0x00000006c1800000, 0x00000006c1800000, 0x00000006c1900000|  0%| F|  |TAMS 0x00000006c1800000, 0x00000006c1800000| Untracked 
|  25|0x00000006c1900000, 0x00000006c1900000, 0x00000006c1a00000|  0%| F|  |TAMS 0x00000006c1900000, 0x00000006c1900000| Untracked 
|  26|0x00000006c1a00000, 0x00000006c1ad4fa8, 0x00000006c1b00000| 83%| S|CS|TAMS 0x00000006c1a00000, 0x00000006c1a00000| Complete 
|  27|0x00000006c1b00000, 0x00000006c1c00000, 0x00000006c1c00000|100%| S|CS|TAMS 0x00000006c1b00000, 0x00000006c1b00000| Complete 
|  28|0x00000006c1c00000, 0x00000006c1d00000, 0x00000006c1d00000|100%| S|CS|TAMS 0x00000006c1c00000, 0x00000006c1c00000| Complete 
|  29|0x00000006c1d00000, 0x00000006c1e00000, 0x00000006c1e00000|100%| S|CS|TAMS 0x00000006c1d00000, 0x00000006c1d00000| Complete 
|  30|0x00000006c1e00000, 0x00000006c1e00000, 0x00000006c1f00000|  0%| F|  |TAMS 0x00000006c1e00000, 0x00000006c1e00000| Untracked 
|  31|0x00000006c1f00000, 0x00000006c1f00000, 0x00000006c2000000|  0%| F|  |TAMS 0x00000006c1f00000, 0x00000006c1f00000| Untracked 
|  32|0x00000006c2000000, 0x00000006c2000000, 0x00000006c2100000|  0%| F|  |TAMS 0x00000006c2000000, 0x00000006c2000000| Untracked 
|  33|0x00000006c2100000, 0x00000006c2200000, 0x00000006c2200000|100%| S|CS|TAMS 0x00000006c2100000, 0x00000006c2100000| Complete 
|  34|0x00000006c2200000, 0x00000006c2200000, 0x00000006c2300000|  0%| F|  |TAMS 0x00000006c2200000, 0x00000006c2200000| Untracked 
|  35|0x00000006c2300000, 0x00000006c2400000, 0x00000006c2400000|100%| O|  |TAMS 0x00000006c2400000, 0x00000006c2300000| Untracked 
|  36|0x00000006c2400000, 0x00000006c2400000, 0x00000006c2500000|  0%| F|  |TAMS 0x00000006c2400000, 0x00000006c2400000| Untracked 
|  37|0x00000006c2500000, 0x00000006c2600000, 0x00000006c2600000|100%| O|  |TAMS 0x00000006c2600000, 0x00000006c2500000| Untracked 
|  38|0x00000006c2600000, 0x00000006c2700000, 0x00000006c2700000|100%| O|  |TAMS 0x00000006c2700000, 0x00000006c2600000| Untracked 
|  39|0x00000006c2700000, 0x00000006c2700000, 0x00000006c2800000|  0%| F|  |TAMS 0x00000006c2700000, 0x00000006c2700000| Untracked 
|  40|0x00000006c2800000, 0x00000006c2800000, 0x00000006c2900000|  0%| F|  |TAMS 0x00000006c2800000, 0x00000006c2800000| Untracked 
|  41|0x00000006c2900000, 0x00000006c2900000, 0x00000006c2a00000|  0%| F|  |TAMS 0x00000006c2900000, 0x00000006c2900000| Untracked 
|  42|0x00000006c2a00000, 0x00000006c2a00000, 0x00000006c2b00000|  0%| F|  |TAMS 0x00000006c2a00000, 0x00000006c2a00000| Untracked 
|  43|0x00000006c2b00000, 0x00000006c2b00000, 0x00000006c2c00000|  0%| F|  |TAMS 0x00000006c2b00000, 0x00000006c2b00000| Untracked 
|  44|0x00000006c2c00000, 0x00000006c2c00000, 0x00000006c2d00000|  0%| F|  |TAMS 0x00000006c2c00000, 0x00000006c2c00000| Untracked 
|  45|0x00000006c2d00000, 0x00000006c2d00000, 0x00000006c2e00000|  0%| F|  |TAMS 0x00000006c2d00000, 0x00000006c2d00000| Untracked 
|  46|0x00000006c2e00000, 0x00000006c2e00000, 0x00000006c2f00000|  0%| F|  |TAMS 0x00000006c2e00000, 0x00000006c2e00000| Untracked 
|  47|0x00000006c2f00000, 0x00000006c2f00000, 0x00000006c3000000|  0%| F|  |TAMS 0x00000006c2f00000, 0x00000006c2f00000| Untracked 
|  48|0x00000006c3000000, 0x00000006c3000000, 0x00000006c3100000|  0%| F|  |TAMS 0x00000006c3000000, 0x00000006c3000000| Untracked 
|  49|0x00000006c3100000, 0x00000006c3100000, 0x00000006c3200000|  0%| F|  |TAMS 0x00000006c3100000, 0x00000006c3100000| Untracked 
|  50|0x00000006c3200000, 0x00000006c3200000, 0x00000006c3300000|  0%| F|  |TAMS 0x00000006c3200000, 0x00000006c3200000| Untracked 
|  51|0x00000006c3300000, 0x00000006c3300000, 0x00000006c3400000|  0%| F|  |TAMS 0x00000006c3300000, 0x00000006c3300000| Untracked 
|  52|0x00000006c3400000, 0x00000006c3400000, 0x00000006c3500000|  0%| F|  |TAMS 0x00000006c3400000, 0x00000006c3400000| Untracked 
|  53|0x00000006c3500000, 0x00000006c3500000, 0x00000006c3600000|  0%| F|  |TAMS 0x00000006c3500000, 0x00000006c3500000| Untracked 
|  54|0x00000006c3600000, 0x00000006c3600000, 0x00000006c3700000|  0%| F|  |TAMS 0x00000006c3600000, 0x00000006c3600000| Untracked 
|  55|0x00000006c3700000, 0x00000006c3700000, 0x00000006c3800000|  0%| F|  |TAMS 0x00000006c3700000, 0x00000006c3700000| Untracked 
|  56|0x00000006c3800000, 0x00000006c3800000, 0x00000006c3900000|  0%| F|  |TAMS 0x00000006c3800000, 0x00000006c3800000| Untracked 
|  57|0x00000006c3900000, 0x00000006c3900000, 0x00000006c3a00000|  0%| F|  |TAMS 0x00000006c3900000, 0x00000006c3900000| Untracked 
|  58|0x00000006c3a00000, 0x00000006c3a00000, 0x00000006c3b00000|  0%| F|  |TAMS 0x00000006c3a00000, 0x00000006c3a00000| Untracked 
|  59|0x00000006c3b00000, 0x00000006c3b00000, 0x00000006c3c00000|  0%| F|  |TAMS 0x00000006c3b00000, 0x00000006c3b00000| Untracked 
|  60|0x00000006c3c00000, 0x00000006c3c00000, 0x00000006c3d00000|  0%| F|  |TAMS 0x00000006c3c00000, 0x00000006c3c00000| Untracked 
|  61|0x00000006c3d00000, 0x00000006c3d00000, 0x00000006c3e00000|  0%| F|  |TAMS 0x00000006c3d00000, 0x00000006c3d00000| Untracked 
|  62|0x00000006c3e00000, 0x00000006c3e00000, 0x00000006c3f00000|  0%| F|  |TAMS 0x00000006c3e00000, 0x00000006c3e00000| Untracked 
|  63|0x00000006c3f00000, 0x00000006c3f00000, 0x00000006c4000000|  0%| F|  |TAMS 0x00000006c3f00000, 0x00000006c3f00000| Untracked 
|  64|0x00000006c4000000, 0x00000006c4000000, 0x00000006c4100000|  0%| F|  |TAMS 0x00000006c4000000, 0x00000006c4000000| Untracked 
|  65|0x00000006c4100000, 0x00000006c4100000, 0x00000006c4200000|  0%| F|  |TAMS 0x00000006c4100000, 0x00000006c4100000| Untracked 
|  66|0x00000006c4200000, 0x00000006c4200000, 0x00000006c4300000|  0%| F|  |TAMS 0x00000006c4200000, 0x00000006c4200000| Untracked 
|  67|0x00000006c4300000, 0x00000006c4300000, 0x00000006c4400000|  0%| F|  |TAMS 0x00000006c4300000, 0x00000006c4300000| Untracked 
|  68|0x00000006c4400000, 0x00000006c4400000, 0x00000006c4500000|  0%| F|  |TAMS 0x00000006c4400000, 0x00000006c4400000| Untracked 
|  69|0x00000006c4500000, 0x00000006c4500000, 0x00000006c4600000|  0%| F|  |TAMS 0x00000006c4500000, 0x00000006c4500000| Untracked 
|  70|0x00000006c4600000, 0x00000006c4600000, 0x00000006c4700000|  0%| F|  |TAMS 0x00000006c4600000, 0x00000006c4600000| Untracked 
|  71|0x00000006c4700000, 0x00000006c4700000, 0x00000006c4800000|  0%| F|  |TAMS 0x00000006c4700000, 0x00000006c4700000| Untracked 
|  72|0x00000006c4800000, 0x00000006c4800000, 0x00000006c4900000|  0%| F|  |TAMS 0x00000006c4800000, 0x00000006c4800000| Untracked 
|  73|0x00000006c4900000, 0x00000006c4900000, 0x00000006c4a00000|  0%| F|  |TAMS 0x00000006c4900000, 0x00000006c4900000| Untracked 
|  74|0x00000006c4a00000, 0x00000006c4a00000, 0x00000006c4b00000|  0%| F|  |TAMS 0x00000006c4a00000, 0x00000006c4a00000| Untracked 
|  75|0x00000006c4b00000, 0x00000006c4b00000, 0x00000006c4c00000|  0%| F|  |TAMS 0x00000006c4b00000, 0x00000006c4b00000| Untracked 
|  76|0x00000006c4c00000, 0x00000006c4c00000, 0x00000006c4d00000|  0%| F|  |TAMS 0x00000006c4c00000, 0x00000006c4c00000| Untracked 
|  77|0x00000006c4d00000, 0x00000006c4d00000, 0x00000006c4e00000|  0%| F|  |TAMS 0x00000006c4d00000, 0x00000006c4d00000| Untracked 
|  78|0x00000006c4e00000, 0x00000006c4e00000, 0x00000006c4f00000|  0%| F|  |TAMS 0x00000006c4e00000, 0x00000006c4e00000| Untracked 
|  79|0x00000006c4f00000, 0x00000006c4f00000, 0x00000006c5000000|  0%| F|  |TAMS 0x00000006c4f00000, 0x00000006c4f00000| Untracked 
|  80|0x00000006c5000000, 0x00000006c5000000, 0x00000006c5100000|  0%| F|  |TAMS 0x00000006c5000000, 0x00000006c5000000| Untracked 
|  81|0x00000006c5100000, 0x00000006c5100000, 0x00000006c5200000|  0%| F|  |TAMS 0x00000006c5100000, 0x00000006c5100000| Untracked 
|  82|0x00000006c5200000, 0x00000006c5200000, 0x00000006c5300000|  0%| F|  |TAMS 0x00000006c5200000, 0x00000006c5200000| Untracked 
|  83|0x00000006c5300000, 0x00000006c5300000, 0x00000006c5400000|  0%| F|  |TAMS 0x00000006c5300000, 0x00000006c5300000| Untracked 
|  84|0x00000006c5400000, 0x00000006c5400000, 0x00000006c5500000|  0%| F|  |TAMS 0x00000006c5400000, 0x00000006c5400000| Untracked 
|  85|0x00000006c5500000, 0x00000006c5500000, 0x00000006c5600000|  0%| F|  |TAMS 0x00000006c5500000, 0x00000006c5500000| Untracked 
|  86|0x00000006c5600000, 0x00000006c5600000, 0x00000006c5700000|  0%| F|  |TAMS 0x00000006c5600000, 0x00000006c5600000| Untracked 
|  87|0x00000006c5700000, 0x00000006c5700000, 0x00000006c5800000|  0%| F|  |TAMS 0x00000006c5700000, 0x00000006c5700000| Untracked 
|  88|0x00000006c5800000, 0x00000006c5800000, 0x00000006c5900000|  0%| F|  |TAMS 0x00000006c5800000, 0x00000006c5800000| Untracked 
|  89|0x00000006c5900000, 0x00000006c5900000, 0x00000006c5a00000|  0%| F|  |TAMS 0x00000006c5900000, 0x00000006c5900000| Untracked 
|  90|0x00000006c5a00000, 0x00000006c5a00000, 0x00000006c5b00000|  0%| F|  |TAMS 0x00000006c5a00000, 0x00000006c5a00000| Untracked 
|  91|0x00000006c5b00000, 0x00000006c5b00000, 0x00000006c5c00000|  0%| F|  |TAMS 0x00000006c5b00000, 0x00000006c5b00000| Untracked 
|  92|0x00000006c5c00000, 0x00000006c5c41818, 0x00000006c5d00000| 25%| E|  |TAMS 0x00000006c5c00000, 0x00000006c5c00000| Complete 
| 255|0x00000006cff00000, 0x00000006cfffe2a0, 0x00000006d0000000| 99%| E|  |TAMS 0x00000006cff00000, 0x00000006cff00000| Complete 

Card table byte_map: [0x000000011cebc000,0x000000011d6bc000] _byte_map_base: 0x00000001198bc000

Marking Bits (Prev, Next): (CMBitMap*) 0x0000000150041218, (CMBitMap*) 0x0000000150041258
 Prev Bits: [0x000000011debc000, 0x0000000121ebc000)
 Next Bits: [0x0000000121ebc000, 0x0000000125ebc000)

Polling page: 0x000000010098c000

Metaspace:

Usage:
  Non-class:     46.33 MB capacity,    45.46 MB ( 98%) used,   722.44 KB (  2%) free+waste,   169.25 KB ( <1%) overhead. 
      Class:      7.08 MB capacity,     6.54 MB ( 92%) used,   476.08 KB (  7%) free+waste,    83.62 KB (  1%) overhead. 
       Both:     53.42 MB capacity,    52.00 MB ( 97%) used,     1.17 MB (  2%) free+waste,   252.88 KB ( <1%) overhead. 

Virtual space:
  Non-class space:       48.00 MB reserved,      46.42 MB ( 97%) committed 
      Class space:        1.00 GB reserved,       7.12 MB ( <1%) committed 
             Both:        1.05 GB reserved,      53.55 MB (  5%) committed 

Chunk freelists:
   Non-Class:  28.00 KB
       Class:  11.00 KB
        Both:  39.00 KB

MaxMetaspaceSize: unlimited
CompressedClassSpaceSize: 1.00 GB

CodeHeap 'non-profiled nmethods': size=238384Kb used=7395Kb max_used=7455Kb free=230988Kb
 bounds [0x000000010ddf0000, 0x000000010e540000, 0x000000011c6bc000]
CodeHeap 'non-nmethods': size=7376Kb used=1756Kb max_used=1756Kb free=5619Kb
 bounds [0x000000010d6bc000, 0x000000010d92c000, 0x000000010ddf0000]
 total_blobs=4621 nmethods=4080 adapters=479
 compilation: enabled
              stopped_count=0, restarted_count=0
 full_count=0

Compilation events (20 events):
Event: 18.653 Thread 0x0000000160814000 4269       1       sun.util.calendar.CalendarDate::getYear (5 bytes)
Event: 18.653 Thread 0x0000000160814000 nmethod 4269 0x000000010df6b590 code [0x000000010df6b700, 0x000000010df6b850]
Event: 18.653 Thread 0x0000000160814000 4270       1       java.util.Calendar::getFirstDayOfWeek (5 bytes)
Event: 18.653 Thread 0x0000000160814000 nmethod 4270 0x000000010e04d890 code [0x000000010e04da00, 0x000000010e04db50]
Event: 18.653 Thread 0x0000000160814000 4271       1       java.util.Calendar::getMinimalDaysInFirstWeek (5 bytes)
Event: 18.653 Thread 0x0000000160814000 nmethod 4271 0x000000010deedb10 code [0x000000010deedc80, 0x000000010deeddd0]
Event: 18.662 Thread 0x0000000160814000 4273   !   1       sun.net.www.protocol.jar.JarFileFactory::getCachedJarFile (146 bytes)
Event: 18.663 Thread 0x0000000160814000 nmethod 4273 0x000000010df01a10 code [0x000000010df01cc0, 0x000000010df02390]
Event: 18.663 Thread 0x0000000160814000 4274 %     1       java.util.Properties$LineReader::readLine @ 53 (584 bytes)
Event: 18.664 Thread 0x0000000160814000 nmethod 4274% 0x000000010e11b490 code [0x000000010e11b740, 0x000000010e11c850]
Event: 18.665 Thread 0x0000000160814000 4275       1       ch.qos.logback.core.pattern.Converter::write (11 bytes)
Event: 18.665 Thread 0x0000000160814000 nmethod 4275 0x000000010ded1b10 code [0x000000010ded1cc0, 0x000000010ded1eb0]
Event: 18.665 Thread 0x0000000160814000 4276       1       ch.qos.logback.core.pattern.LiteralConverter::convert (5 bytes)
Event: 18.665 Thread 0x0000000160814000 nmethod 4276 0x000000010df50890 code [0x000000010df50a00, 0x000000010df50b50]
Event: 18.669 Thread 0x0000000160814000 4277       1       org.apache.tomcat.util.http.MimeHeaderField::getName (5 bytes)
Event: 18.669 Thread 0x0000000160814000 nmethod 4277 0x000000010df50490 code [0x000000010df50600, 0x000000010df50750]
Event: 18.675 Thread 0x0000000160814000 4279       1       java.util.regex.Pattern::append (43 bytes)
Event: 18.676 Thread 0x0000000160814000 nmethod 4279 0x000000010dfaf910 code [0x000000010dfafac0, 0x000000010dfaff30]
Event: 18.676 Thread 0x0000000160814000 4280       1       java.util.regex.Pattern$CharProperty::<init> (10 bytes)
Event: 18.676 Thread 0x0000000160814000 nmethod 4280 0x000000010de07790 code [0x000000010de07900, 0x000000010de07b10]

GC Heap History (20 events):
Event: 0.662 GC heap before
{Heap before GC invocations=4 (full 0):
 garbage-first heap   total 49152K, used 31169K [0x00000006c0000000, 0x00000007c0000000)
  region size 1024K, 24 young (24576K), 3 survivors (3072K)
 Metaspace       used 25534K, capacity 26245K, committed 26416K, reserved 1073152K
  class space    used 2942K, capacity 3185K, committed 3200K, reserved 1048576K
}
Event: 0.664 GC heap after
{Heap after GC invocations=5 (full 0):
 garbage-first heap   total 49152K, used 10407K [0x00000006c0000000, 0x00000007c0000000)
  region size 1024K, 2 young (2048K), 2 survivors (2048K)
 Metaspace       used 25534K, capacity 26245K, committed 26416K, reserved 1073152K
  class space    used 2942K, capacity 3185K, committed 3200K, reserved 1048576K
}
Event: 0.667 GC heap before
{Heap before GC invocations=5 (full 0):
 garbage-first heap   total 49152K, used 31911K [0x00000006c0000000, 0x00000007c0000000)
  region size 1024K, 24 young (24576K), 2 survivors (2048K)
 Metaspace       used 25606K, capacity 26341K, committed 26544K, reserved 1073152K
  class space    used 2954K, capacity 3217K, committed 3328K, reserved 1048576K
}
Event: 0.668 GC heap after
{Heap after GC invocations=6 (full 0):
 garbage-first heap   total 155648K, used 10390K [0x00000006c0000000, 0x00000007c0000000)
  region size 1024K, 2 young (2048K), 2 survivors (2048K)
 Metaspace       used 25606K, capacity 26341K, committed 26544K, reserved 1073152K
  class space    used 2954K, capacity 3217K, committed 3328K, reserved 1048576K
}
Event: 0.778 GC heap before
{Heap before GC invocations=6 (full 0):
 garbage-first heap   total 155648K, used 75926K [0x00000006c0000000, 0x00000007c0000000)
  region size 1024K, 67 young (68608K), 2 survivors (2048K)
 Metaspace       used 29265K, capacity 29997K, committed 30000K, reserved 1075200K
  class space    used 3444K, capacity 3710K, committed 3712K, reserved 1048576K
}
Event: 0.780 GC heap after
{Heap after GC invocations=7 (full 0):
 garbage-first heap   total 155648K, used 11746K [0x00000006c0000000, 0x00000007c0000000)
  region size 1024K, 3 young (3072K), 3 survivors (3072K)
 Metaspace       used 29265K, capacity 29997K, committed 30000K, reserved 1075200K
  class space    used 3444K, capacity 3710K, committed 3712K, reserved 1048576K
}
Event: 1.029 GC heap before
{Heap before GC invocations=7 (full 0):
 garbage-first heap   total 155648K, used 77282K [0x00000006c0000000, 0x00000007c0000000)
  region size 1024K, 69 young (70656K), 3 survivors (3072K)
 Metaspace       used 34991K, capacity 35872K, committed 35920K, reserved 1081344K
  class space    used 4276K, capacity 4594K, committed 4608K, reserved 1048576K
}
Event: 1.033 GC heap after
{Heap after GC invocations=8 (full 0):
 garbage-first heap   total 155648K, used 14041K [0x00000006c0000000, 0x00000007c0000000)
  region size 1024K, 6 young (6144K), 6 survivors (6144K)
 Metaspace       used 34991K, capacity 35872K, committed 35920K, reserved 1081344K
  class space    used 4276K, capacity 4594K, committed 4608K, reserved 1048576K
}
Event: 1.126 GC heap before
{Heap before GC invocations=9 (full 0):
 garbage-first heap   total 58368K, used 55001K [0x00000006c0000000, 0x00000007c0000000)
  region size 1024K, 47 young (48128K), 6 survivors (6144K)
 Metaspace       used 37197K, capacity 38230K, committed 38448K, reserved 1083392K
  class space    used 4537K, capacity 4913K, committed 4992K, reserved 1048576K
}
Event: 1.130 GC heap after
{Heap after GC invocations=10 (full 0):
 garbage-first heap   total 65536K, used 15508K [0x00000006c0000000, 0x00000007c0000000)
  region size 1024K, 7 young (7168K), 7 survivors (7168K)
 Metaspace       used 37197K, capacity 38230K, committed 38448K, reserved 1083392K
  class space    used 4537K, capacity 4913K, committed 4992K, reserved 1048576K
}
Event: 1.192 GC heap before
{Heap before GC invocations=10 (full 0):
 garbage-first heap   total 65536K, used 46228K [0x00000006c0000000, 0x00000007c0000000)
  region size 1024K, 38 young (38912K), 7 survivors (7168K)
 Metaspace       used 38760K, capacity 39915K, committed 39984K, reserved 1083392K
  class space    used 4763K, capacity 5242K, committed 5248K, reserved 1048576K
}
Event: 1.196 GC heap after
{Heap after GC invocations=11 (full 0):
 garbage-first heap   total 78848K, used 16074K [0x00000006c0000000, 0x00000007c0000000)
  region size 1024K, 3 young (3072K), 3 survivors (3072K)
 Metaspace       used 38760K, capacity 39915K, committed 39984K, reserved 1083392K
  class space    used 4763K, capacity 5242K, committed 5248K, reserved 1048576K
}
Event: 1.346 GC heap before
{Heap before GC invocations=11 (full 0):
 garbage-first heap   total 78848K, used 56010K [0x00000006c0000000, 0x00000007c0000000)
  region size 1024K, 42 young (43008K), 3 survivors (3072K)
 Metaspace       used 43453K, capacity 44565K, committed 44592K, reserved 1087488K
  class space    used 5293K, capacity 5758K, committed 5760K, reserved 1048576K
}
Event: 1.348 GC heap after
{Heap after GC invocations=12 (full 0):
 garbage-first heap   total 78848K, used 16775K [0x00000006c0000000, 0x00000007c0000000)
  region size 1024K, 3 young (3072K), 3 survivors (3072K)
 Metaspace       used 43453K, capacity 44565K, committed 44592K, reserved 1087488K
  class space    used 5293K, capacity 5758K, committed 5760K, reserved 1048576K
}
Event: 1.440 GC heap before
{Heap before GC invocations=12 (full 0):
 garbage-first heap   total 78848K, used 58759K [0x00000006c0000000, 0x00000007c0000000)
  region size 1024K, 44 young (45056K), 3 survivors (3072K)
 Metaspace       used 46158K, capacity 47418K, committed 47536K, reserved 1091584K
  class space    used 5822K, capacity 6302K, committed 6400K, reserved 1048576K
}
Event: 1.443 GC heap after
{Heap after GC invocations=13 (full 0):
 garbage-first heap   total 78848K, used 17345K [0x00000006c0000000, 0x00000007c0000000)
  region size 1024K, 4 young (4096K), 4 survivors (4096K)
 Metaspace       used 46158K, capacity 47418K, committed 47536K, reserved 1091584K
  class space    used 5822K, capacity 6302K, committed 6400K, reserved 1048576K
}
Event: 1.614 GC heap before
{Heap before GC invocations=13 (full 0):
 garbage-first heap   total 78848K, used 59329K [0x00000006c0000000, 0x00000007c0000000)
  region size 1024K, 45 young (46080K), 4 survivors (4096K)
 Metaspace       used 49070K, capacity 50390K, committed 50736K, reserved 1093632K
  class space    used 6170K, capacity 6674K, committed 6784K, reserved 1048576K
}
Event: 1.617 GC heap after
{Heap after GC invocations=14 (full 0):
 garbage-first heap   total 78848K, used 19145K [0x00000006c0000000, 0x00000007c0000000)
  region size 1024K, 5 young (5120K), 5 survivors (5120K)
 Metaspace       used 49070K, capacity 50390K, committed 50736K, reserved 1093632K
  class space    used 6170K, capacity 6674K, committed 6784K, reserved 1048576K
}
Event: 18.687 GC heap before
{Heap before GC invocations=14 (full 0):
 garbage-first heap   total 78848K, used 59081K [0x00000006c0000000, 0x00000007c0000000)
  region size 1024K, 45 young (46080K), 5 survivors (5120K)
 Metaspace       used 53131K, capacity 54633K, committed 54832K, reserved 1097728K
  class space    used 6683K, capacity 7253K, committed 7296K, reserved 1048576K
}
Event: 18.695 GC heap after
{Heap after GC invocations=15 (full 0):
 garbage-first heap   total 96256K, used 21574K [0x00000006c0000000, 0x00000007c0000000)
  region size 1024K, 5 young (5120K), 5 survivors (5120K)
 Metaspace       used 53131K, capacity 54633K, committed 54832K, reserved 1097728K
  class space    used 6683K, capacity 7253K, committed 7296K, reserved 1048576K
}

Deoptimization events (20 events):
Event: 18.696 Thread 0x0000000160a3f800 DEOPT PACKING pc=0x000000010df78d4c sp=0x0000000173e8b920
Event: 18.696 Thread 0x0000000160a3f800 DEOPT UNPACKING pc=0x000000010d76b47c sp=0x0000000173e8b710 mode 1
Event: 18.696 Thread 0x0000000160a3f800 DEOPT PACKING pc=0x000000010dfb89a4 sp=0x0000000173e8b0b0
Event: 18.696 Thread 0x0000000160a3f800 DEOPT UNPACKING pc=0x000000010d76b47c sp=0x0000000173e8ae50 mode 1
Event: 18.696 Thread 0x0000000160a3f800 DEOPT PACKING pc=0x000000010df8973c sp=0x0000000173e8b180
Event: 18.696 Thread 0x0000000160a3f800 DEOPT UNPACKING pc=0x000000010d76b47c sp=0x0000000173e8af50 mode 1
Event: 18.696 Thread 0x0000000160a3f800 DEOPT PACKING pc=0x000000010df78d4c sp=0x0000000173e8b920
Event: 18.696 Thread 0x0000000160a3f800 DEOPT UNPACKING pc=0x000000010d76b47c sp=0x0000000173e8b710 mode 1
Event: 18.697 Thread 0x0000000160a3f800 DEOPT PACKING pc=0x000000010dfb89a4 sp=0x0000000173e8b030
Event: 18.697 Thread 0x0000000160a3f800 DEOPT UNPACKING pc=0x000000010d76b47c sp=0x0000000173e8add0 mode 1
Event: 18.697 Thread 0x0000000160a3f800 DEOPT PACKING pc=0x000000010df8973c sp=0x0000000173e8b100
Event: 18.697 Thread 0x0000000160a3f800 DEOPT UNPACKING pc=0x000000010d76b47c sp=0x0000000173e8aed0 mode 1
Event: 18.697 Thread 0x0000000160a3f800 DEOPT PACKING pc=0x000000010df78d4c sp=0x0000000173e8b8a0
Event: 18.697 Thread 0x0000000160a3f800 DEOPT UNPACKING pc=0x000000010d76b47c sp=0x0000000173e8b690 mode 1
Event: 18.697 Thread 0x0000000160a3f800 DEOPT PACKING pc=0x000000010dfb89a4 sp=0x0000000173e8b030
Event: 18.697 Thread 0x0000000160a3f800 DEOPT UNPACKING pc=0x000000010d76b47c sp=0x0000000173e8add0 mode 1
Event: 18.697 Thread 0x0000000160a3f800 DEOPT PACKING pc=0x000000010df8973c sp=0x0000000173e8b100
Event: 18.697 Thread 0x0000000160a3f800 DEOPT UNPACKING pc=0x000000010d76b47c sp=0x0000000173e8aed0 mode 1
Event: 18.697 Thread 0x0000000160a3f800 DEOPT PACKING pc=0x000000010df78d4c sp=0x0000000173e8b8a0
Event: 18.697 Thread 0x0000000160a3f800 DEOPT UNPACKING pc=0x000000010d76b47c sp=0x0000000173e8b690 mode 1

Classes unloaded (0 events):
No events

Classes redefined (0 events):
No events

Internal exceptions (20 events):
Event: 1.507 Thread 0x0000000150009000 Exception <a 'java/lang/NoSuchMethodError'{0x00000006c32774f0}: 'void java.lang.invoke.DirectMethodHandle$Holder.invokeInterface(java.lang.Object, java.lang.Object)'> (0x00000006c32774f0) 
thrown [src/hotspot/share/interpreter/linkResolver.cpp, line 767]
Event: 1.552 Thread 0x0000000150009000 Exception <a 'java/lang/ClassNotFoundException'{0x00000006c2cf7790}: java/lang/ObjectCustomizer> (0x00000006c2cf7790) 
thrown [src/hotspot/share/classfile/systemDictionary.cpp, line 232]
Event: 1.552 Thread 0x0000000150009000 Exception <a 'java/lang/ClassNotFoundException'{0x00000006c2b23c20}: org/springframework/web/servlet/config/annotation/WebMvcConfigurationSupportCustomizer> (0x00000006c2b23c20) 
thrown [src/hotspot/share/classfile/systemDictionary.cpp, line 232]
Event: 1.553 Thread 0x0000000150009000 Exception <a 'java/lang/ClassNotFoundException'{0x00000006c2b5bc18}: org/springframework/web/servlet/config/annotation/DelegatingWebMvcConfigurationCustomizer> (0x00000006c2b5bc18) 
thrown [src/hotspot/share/classfile/systemDictionary.cpp, line 232]
Event: 1.553 Thread 0x0000000150009000 Exception <a 'java/lang/ClassNotFoundException'{0x00000006c2b8ea40}: org/springframework/boot/autoconfigure/web/servlet/WebMvcAutoConfiguration$EnableWebMvcConfigurationCustomizer> (0x00000006c2b8ea40) 
thrown [src/hotspot/share/classfile/systemDictionary.cpp, line 232]
Event: 1.554 Thread 0x0000000150009000 Exception <a 'java/lang/ClassNotFoundException'{0x00000006c2bbebb0}: org/springframework/context/ResourceLoaderAwareCustomizer> (0x00000006c2bbebb0) 
thrown [src/hotspot/share/classfile/systemDictionary.cpp, line 232]
Event: 1.555 Thread 0x0000000150009000 Exception <a 'java/lang/ClassNotFoundException'{0x00000006c2bde670}: org/springframework/beans/factory/AwareCustomizer> (0x00000006c2bde670) 
thrown [src/hotspot/share/classfile/systemDictionary.cpp, line 232]
Event: 1.555 Thread 0x0000000150009000 Exception <a 'java/lang/ClassNotFoundException'{0x00000006c2a00978}: org/springframework/context/ApplicationContextAwareCustomizer> (0x00000006c2a00978) 
thrown [src/hotspot/share/classfile/systemDictionary.cpp, line 232]
Event: 1.555 Thread 0x0000000150009000 Exception <a 'java/lang/ClassNotFoundException'{0x00000006c2a21018}: org/springframework/beans/factory/AwareCustomizer> (0x00000006c2a21018) 
thrown [src/hotspot/share/classfile/systemDictionary.cpp, line 232]
Event: 1.556 Thread 0x0000000150009000 Exception <a 'java/lang/ClassNotFoundException'{0x00000006c2a42a10}: org/springframework/web/context/ServletContextAwareCustomizer> (0x00000006c2a42a10) 
thrown [src/hotspot/share/classfile/systemDictionary.cpp, line 232]
Event: 1.556 Thread 0x0000000150009000 Exception <a 'java/lang/ClassNotFoundException'{0x00000006c2a62938}: org/springframework/beans/factory/AwareCustomizer> (0x00000006c2a62938) 
thrown [src/hotspot/share/classfile/systemDictionary.cpp, line 232]
Event: 1.649 Thread 0x0000000150009000 Exception <a 'java/lang/NoSuchMethodError'{0x00000006c45e2f78}: 'void java.lang.invoke.DirectMethodHandle$Holder.invokeVirtual(java.lang.Object, java.lang.Object, int)'> (0x00000006c45e2f78) 
thrown [src/hotspot/share/interpreter/linkResolver.cpp, line 767]
Event: 1.650 Thread 0x0000000150009000 Exception <a 'java/lang/NoSuchMethodError'{0x00000006c45fbd08}: 'void java.lang.invoke.DirectMethodHandle$Holder.invokeVirtual(java.lang.Object, java.lang.Object, long)'> (0x00000006c45fbd08) 
thrown [src/hotspot/share/interpreter/linkResolver.cpp, line 767]
Event: 1.686 Thread 0x0000000150009000 Exception <a 'java/lang/IncompatibleClassChangeError'{0x00000006c3c3d330}: Found class java.lang.Object, but interface was expected> (0x00000006c3c3d330) 
thrown [src/hotspot/share/interpreter/linkResolver.cpp, line 833]
Event: 1.696 Thread 0x0000000150009000 Exception <a 'java/lang/NoSuchMethodError'{0x00000006c3a06858}: 'int java.lang.invoke.DirectMethodHandle$Holder.invokeStaticInit(java.lang.Object, java.lang.Object, java.lang.Object, java.lang.Object)'> (0x00000006c3a06858) 
thrown [src/hotspot/share/interpreter/linkResolver.cpp, line 767]
Event: 1.740 Thread 0x0000000150009000 Exception <a 'java/lang/NoSuchMethodError'{0x00000006c31e2f10}: 'java.lang.Object java.lang.invoke.DirectMethodHandle$Holder.invokeSpecial(java.lang.Object, java.lang.Object, int, java.lang.Object, int, java.lang.Object)'> (0x00000006c31e2f10) 
thrown [src/hotspot/share/interpreter/linkResolver.cpp, line 767]
Event: 1.740 Thread 0x0000000150009000 Exception <a 'java/lang/NoSuchMethodError'{0x00000006c31e9ac0}: 'java.lang.Object java.lang.invoke.DirectMethodHandle$Holder.invokeStatic(java.lang.Object, java.lang.Object, int, java.lang.Object, int)'> (0x00000006c31e9ac0) 
thrown [src/hotspot/share/interpreter/linkResolver.cpp, line 767]
Event: 1.740 Thread 0x0000000150009000 Exception <a 'java/lang/NoSuchMethodError'{0x00000006c31ece70}: 'java.lang.Object java.lang.invoke.DirectMethodHandle$Holder.invokeSpecial(java.lang.Object, java.lang.Object, java.lang.Object, int, java.lang.Object, int)'> (0x00000006c31ece70) 
thrown [src/hotspot/share/interpreter/linkResolver.cpp, line 767]
Event: 1.740 Thread 0x0000000150009000 Exception <a 'java/lang/NoSuchMethodError'{0x00000006c31fa4d0}: 'void java.lang.invoke.DirectMethodHandle$Holder.invokeVirtual(java.lang.Object, java.lang.Object)'> (0x00000006c31fa4d0) 
thrown [src/hotspot/share/interpreter/linkResolver.cpp, line 767]
Event: 18.614 Thread 0x00000001472eb000 Exception <a 'java/lang/NoSuchMethodError'{0x00000006c2dd3658}: 'java.lang.Object java.lang.invoke.Invokers$Holder.linkToTargetMethod(java.lang.Object, int, java.lang.Object)'> (0x00000006c2dd3658) 
thrown [src/hotspot/share/interpreter/linkResolver.cpp, line 767]

Events (20 events):
Event: 18.696 loading class org/hibernate/resource/transaction/backend/jdbc/internal/JdbcResourceLocalTransactionCoordinatorImpl done
Event: 18.696 loading class org/hibernate/internal/CoreMessageLogger_$logger_en_CZ
Event: 18.696 loading class org/hibernate/internal/CoreMessageLogger_$logger_en_CZ done
Event: 18.696 loading class org/hibernate/internal/CoreMessageLogger_$logger_en
Event: 18.696 loading class org/hibernate/internal/CoreMessageLogger_$logger_en done
Event: 18.696 loading class org/hibernate/resource/transaction/internal/SynchronizationRegistryStandardImpl
Event: 18.696 loading class org/hibernate/resource/transaction/internal/SynchronizationRegistryStandardImpl done
Event: 18.696 loading class org/hibernate/resource/transaction/spi/SynchronizationRegistryImplementor
Event: 18.696 loading class org/hibernate/resource/transaction/spi/SynchronizationRegistryImplementor done
Event: 18.697 loading class org/hibernate/resource/transaction/spi/SynchronizationRegistry
Event: 18.697 loading class org/hibernate/resource/transaction/spi/SynchronizationRegistry done
Event: 18.697 loading class org/hibernate/internal/CoreMessageLogger_$logger_en_CZ
Event: 18.697 loading class org/hibernate/internal/CoreMessageLogger_$logger_en_CZ done
Event: 18.697 loading class org/hibernate/internal/CoreMessageLogger_$logger_en
Event: 18.697 loading class org/hibernate/internal/CoreMessageLogger_$logger_en done
Event: 18.697 loading class org/hibernate/engine/internal/StatefulPersistenceContext
Event: 18.697 loading class org/hibernate/engine/internal/StatefulPersistenceContext done
Event: 18.697 loading class org/hibernate/engine/spi/PersistenceContext
Event: 18.697 loading class org/hibernate/engine/spi/PersistenceContext done
Event: 18.698 Executing VM operation: HandshakeAllThreads


Dynamic libraries:
0x0000000191250000 	/usr/lib/libz.1.dylib
0x00000001008c8000 	/Users/martinslezak/Library/Java/JavaVirtualMachines/azul-13.0.9/Contents/Home/lib/libjli.dylib
0x000000019b77d000 	/System/Library/Frameworks/Cocoa.framework/Versions/A/Cocoa
0x0000000189692000 	/System/Library/Frameworks/Security.framework/Versions/A/Security
0x0000000199ae9000 	/System/Library/Frameworks/ApplicationServices.framework/Versions/A/ApplicationServices
0x00000001912f6000 	/usr/lib/libSystem.B.dylib
0x00000001912f0000 	/usr/lib/system/libcache.dylib
0x00000001912af000 	/usr/lib/system/libcommonCrypto.dylib
0x00000001912d9000 	/usr/lib/system/libcompiler_rt.dylib
0x00000001912d0000 	/usr/lib/system/libcopyfile.dylib
0x0000000187608000 	/usr/lib/system/libcorecrypto.dylib
0x00000001876a8000 	/usr/lib/system/libdispatch.dylib
0x0000000187861000 	/usr/lib/system/libdyld.dylib
0x00000001912e6000 	/usr/lib/system/libkeymgr.dylib
0x0000000194719000 	/usr/lib/system/liblaunch.dylib
0x0000000191291000 	/usr/lib/system/libmacho.dylib
0x0000000190b03000 	/usr/lib/system/libquarantine.dylib
0x00000001912e3000 	/usr/lib/system/libremovefile.dylib
0x000000018c0f2000 	/usr/lib/system/libsystem_asl.dylib
0x00000001875b6000 	/usr/lib/system/libsystem_blocks.dylib
0x000000018772a000 	/usr/lib/system/libsystem_c.dylib
0x00000001912dd000 	/usr/lib/system/libsystem_collections.dylib
0x000000019013d000 	/usr/lib/system/libsystem_configuration.dylib
0x000000018f4bf000 	/usr/lib/system/libsystem_containermanager.dylib
0x0000000191066000 	/usr/lib/system/libsystem_coreservices.dylib
0x0000000189c6b000 	/usr/lib/system/libsystem_darwin.dylib
0x00000001912e7000 	/usr/lib/system/libsystem_dnssd.dylib
0x0000000187727000 	/usr/lib/system/libsystem_featureflags.dylib
0x00000001878aa000 	/usr/lib/system/libsystem_info.dylib
0x0000000191262000 	/usr/lib/system/libsystem_m.dylib
0x000000018767c000 	/usr/lib/system/libsystem_malloc.dylib
0x000000018c08d000 	/usr/lib/system/libsystem_networkextension.dylib
0x000000018a0ae000 	/usr/lib/system/libsystem_notify.dylib
0x0000000196bcd000 	/usr/lib/system/libsystem_product_info_filter.dylib
0x0000000190142000 	/usr/lib/system/libsystem_sandbox.dylib
0x00000001912e0000 	/usr/lib/system/libsystem_secinit.dylib
0x0000000187820000 	/usr/lib/system/libsystem_kernel.dylib
0x00000001878a3000 	/usr/lib/system/libsystem_platform.dylib
0x0000000187854000 	/usr/lib/system/libsystem_pthread.dylib
0x000000018d663000 	/usr/lib/system/libsystem_symptoms.dylib
0x00000001875f0000 	/usr/lib/system/libsystem_trace.dylib
0x00000001912bd000 	/usr/lib/system/libunwind.dylib
0x00000001875b8000 	/usr/lib/system/libxpc.dylib
0x0000000187808000 	/usr/lib/libc++abi.dylib
0x00000001876ed000 	/usr/lib/libobjc.A.dylib
0x00000001912c8000 	/usr/lib/liboah.dylib
0x00000001877ac000 	/usr/lib/libc++.1.dylib
0x00000001878d6000 	/System/Library/Frameworks/CoreFoundation.framework/Versions/A/CoreFoundation
0x000000018869e000 	/System/Library/Frameworks/Foundation.framework/Versions/C/Foundation
0x000000018a108000 	/System/Library/Frameworks/AppKit.framework/Versions/C/AppKit
0x000000018cf2c000 	/System/Library/Frameworks/CoreData.framework/Versions/A/CoreData
0x000000018ae4a000 	/System/Library/PrivateFrameworks/UIFoundation.framework/Versions/A/UIFoundation
0x000000019695f000 	/System/Library/PrivateFrameworks/RemoteViewServices.framework/Versions/A/RemoteViewServices
0x000000018fb70000 	/System/Library/PrivateFrameworks/XCTTargetBootstrap.framework/Versions/A/XCTTargetBootstrap
0x00000001924b0000 	/usr/lib/libspindump.dylib
0x000000018b071000 	/System/Library/Frameworks/UniformTypeIdentifiers.framework/Versions/A/UniformTypeIdentifiers
0x000000018e158000 	/usr/lib/libapp_launch_measurement.dylib
0x000000018e15b000 	/System/Library/PrivateFrameworks/CoreAutoLayout.framework/Versions/A/CoreAutoLayout
0x000000018f4ed000 	/System/Library/Frameworks/Metal.framework/Versions/A/Metal
0x000000019014d000 	/usr/lib/liblangid.dylib
0x000000018fb74000 	/System/Library/PrivateFrameworks/CoreSVG.framework/Versions/A/CoreSVG
0x000000018c124000 	/System/Library/PrivateFrameworks/SkyLight.framework/Versions/A/SkyLight
0x000000018c493000 	/System/Library/Frameworks/CoreGraphics.framework/Versions/A/CoreGraphics
0x0000000196e7f000 	/System/Library/Frameworks/Accelerate.framework/Versions/A/Accelerate
0x0000000191f0a000 	/System/Library/PrivateFrameworks/IconServices.framework/Versions/A/IconServices
0x000000018f4d1000 	/System/Library/Frameworks/IOSurface.framework/Versions/A/IOSurface
0x000000018d7fb000 	/usr/lib/libDiagnosticMessagesClient.dylib
0x000000018fb58000 	/System/Library/PrivateFrameworks/DFRFoundation.framework/Versions/A/DFRFoundation
0x00000001899f9000 	/usr/lib/libicucore.A.dylib
0x0000000193a03000 	/System/Library/Frameworks/AudioToolbox.framework/Versions/A/AudioToolbox
0x0000000192c16000 	/System/Library/PrivateFrameworks/DataDetectorsCore.framework/Versions/A/DataDetectorsCore
0x000000018c09f000 	/usr/lib/libMobileGestalt.dylib
0x000000018f84d000 	/System/Library/Frameworks/Carbon.framework/Versions/A/Frameworks/HIToolbox.framework/Versions/A/HIToolbox
0x000000018dbf6000 	/System/Library/Frameworks/QuartzCore.framework/Versions/A/QuartzCore
0x0000000196997000 	/System/Library/Frameworks/Carbon.framework/Versions/A/Frameworks/SpeechRecognition.framework/Versions/A/SpeechRecognition
0x000000018def6000 	/System/Library/PrivateFrameworks/CoreUI.framework/Versions/A/CoreUI
0x0000000189077000 	/System/Library/Frameworks/CoreAudio.framework/Versions/A/CoreAudio
0x000000018d8e4000 	/System/Library/Frameworks/DiskArbitration.framework/Versions/A/DiskArbitration
0x0000000192863000 	/System/Library/PrivateFrameworks/MultitouchSupport.framework/Versions/A/MultitouchSupport
0x0000000192c0d000 	/System/Library/PrivateFrameworks/InternationalSupport.framework/Versions/A/InternationalSupport
0x000000018c09d000 	/usr/lib/libenergytrace.dylib
0x0000000189fe2000 	/System/Library/Frameworks/IOKit.framework/Versions/A/IOKit
0x0000000196cc2000 	/System/Library/Frameworks/CoreServices.framework/Versions/A/CoreServices
0x000000018e0ee000 	/System/Library/PrivateFrameworks/PerformanceAnalysis.framework/Versions/A/PerformanceAnalysis
0x00000001c991b000 	/System/Library/Frameworks/OpenGL.framework/Versions/A/OpenGL
0x0000000192c8b000 	/System/Library/PrivateFrameworks/UserActivity.framework/Versions/A/UserActivity
0x000000018ca81000 	/System/Library/Frameworks/ColorSync.framework/Versions/A/ColorSync
0x000000018fdbf000 	/System/Library/Frameworks/CoreImage.framework/Versions/A/CoreImage
0x0000000188ea7000 	/System/Library/Frameworks/CoreText.framework/Versions/A/CoreText
0x000000018fb9f000 	/System/Library/Frameworks/ImageIO.framework/Versions/A/ImageIO
0x00000001912fc000 	/System/Library/PrivateFrameworks/SoftLinking.framework/Versions/A/SoftLinking
0x000000018e19e000 	/usr/lib/libxml2.2.dylib
0x000000019157c000 	/usr/lib/libcompression.dylib
0x0000000192b59000 	/System/Library/PrivateFrameworks/TextureIO.framework/Versions/A/TextureIO
0x0000000191c67000 	/usr/lib/libate.dylib
0x0000000191ab0000 	/usr/lib/liblzma.5.dylib
0x00000001883b3000 	/System/Library/Frameworks/SystemConfiguration.framework/Versions/A/SystemConfiguration
0x00000001912f8000 	/usr/lib/libfakelink.dylib
0x000000018bc04000 	/System/Library/Frameworks/CFNetwork.framework/Versions/A/CFNetwork
0x0000000191442000 	/usr/lib/libarchive.2.dylib
0x000000018843b000 	/usr/lib/libCRFSuite.dylib
0x0000000190b2d000 	/usr/lib/libbsm.0.dylib
0x000000018b4bb000 	/usr/lib/libnetwork.dylib
0x00000001912fd000 	/usr/lib/libpcap.A.dylib
0x000000018d65b000 	/usr/lib/libdns_services.dylib
0x0000000191ac9000 	/usr/lib/libcoretls_cfhelpers.dylib
0x000000019154b000 	/usr/lib/libapple_nghttp2.dylib
0x0000000191297000 	/usr/lib/system/libkxld.dylib
0x000000018d2ec000 	/usr/lib/libsqlite3.dylib
0x0000000191049000 	/System/Library/PrivateFrameworks/AppleFSCompression.framework/Versions/A/AppleFSCompression
0x0000000190b16000 	/usr/lib/libcoretls.dylib
0x0000000191577000 	/usr/lib/libpam.2.dylib
0x0000000191bb0000 	/usr/lib/libxar.1.dylib
0x0000000190149000 	/System/Library/PrivateFrameworks/AppleSystemInfo.framework/Versions/A/AppleSystemInfo
0x0000000190766000 	/System/Library/PrivateFrameworks/IOMobileFramebuffer.framework/Versions/A/IOMobileFramebuffer
0x0000000191059000 	/usr/lib/libbz2.1.0.dylib
0x0000000191339000 	/usr/lib/libiconv.2.dylib
0x0000000191290000 	/usr/lib/libcharset.1.dylib
0x000000018e127000 	/System/Library/Frameworks/CoreServices.framework/Versions/A/Frameworks/FSEvents.framework/Versions/A/FSEvents
0x0000000189c76000 	/System/Library/Frameworks/CoreServices.framework/Versions/A/Frameworks/CarbonCore.framework/Versions/A/CarbonCore
0x000000018d84a000 	/System/Library/Frameworks/CoreServices.framework/Versions/A/Frameworks/Metadata.framework/Versions/A/Metadata
0x000000019106b000 	/System/Library/Frameworks/CoreServices.framework/Versions/A/Frameworks/OSServices.framework/Versions/A/OSServices
0x00000001914b3000 	/System/Library/Frameworks/CoreServices.framework/Versions/A/Frameworks/SearchKit.framework/Versions/A/SearchKit
0x000000018d5e7000 	/System/Library/Frameworks/CoreServices.framework/Versions/A/Frameworks/AE.framework/Versions/A/AE
0x0000000187d85000 	/System/Library/Frameworks/CoreServices.framework/Versions/A/Frameworks/LaunchServices.framework/Versions/A/LaunchServices
0x0000000191a5d000 	/System/Library/Frameworks/CoreServices.framework/Versions/A/Frameworks/DictionaryServices.framework/Versions/A/DictionaryServices
0x000000018e134000 	/System/Library/Frameworks/CoreServices.framework/Versions/A/Frameworks/SharedFileList.framework/Versions/A/SharedFileList
0x0000000190b06000 	/usr/lib/libCheckFix.dylib
0x000000018c10a000 	/System/Library/PrivateFrameworks/TCC.framework/Versions/A/TCC
0x000000019014f000 	/System/Library/PrivateFrameworks/CoreNLP.framework/Versions/A/CoreNLP
0x000000018d7fe000 	/System/Library/PrivateFrameworks/MetadataUtilities.framework/Versions/A/MetadataUtilities
0x000000018846f000 	/usr/lib/libmecabra.dylib
0x0000000190dec000 	/System/Library/Frameworks/MLCompute.framework/Versions/A/MLCompute
0x0000000190b3e000 	/usr/lib/libmecab.dylib
0x0000000190b84000 	/usr/lib/libgermantok.dylib
0x0000000191524000 	/usr/lib/libThaiTokenizer.dylib
0x0000000191bec000 	/usr/lib/libChineseTokenizer.dylib
0x0000000191575000 	/System/Library/Frameworks/MetalPerformanceShaders.framework/Versions/A/MetalPerformanceShaders
0x000000018d8eb000 	/System/Library/Frameworks/Accelerate.framework/Versions/A/Frameworks/vImage.framework/Versions/A/vImage
0x0000000196ca0000 	/System/Library/Frameworks/Accelerate.framework/Versions/A/Frameworks/vecLib.framework/Versions/A/vecLib
0x0000000191bf7000 	/System/Library/Frameworks/Accelerate.framework/Versions/A/Frameworks/vecLib.framework/Versions/A/libvMisc.dylib
0x00000001906a4000 	/System/Library/Frameworks/Accelerate.framework/Versions/A/Frameworks/vecLib.framework/Versions/A/libvDSP.dylib
0x0000000188099000 	/System/Library/Frameworks/Accelerate.framework/Versions/A/Frameworks/vecLib.framework/Versions/A/libBLAS.dylib
0x00000001915a0000 	/System/Library/Frameworks/Accelerate.framework/Versions/A/Frameworks/vecLib.framework/Versions/A/libLAPACK.dylib
0x0000000190b89000 	/System/Library/Frameworks/Accelerate.framework/Versions/A/Frameworks/vecLib.framework/Versions/A/libLinearAlgebra.dylib
0x0000000191562000 	/System/Library/Frameworks/Accelerate.framework/Versions/A/Frameworks/vecLib.framework/Versions/A/libSparseBLAS.dylib
0x000000019159b000 	/System/Library/Frameworks/Accelerate.framework/Versions/A/Frameworks/vecLib.framework/Versions/A/libQuadrature.dylib
0x00000001901e5000 	/System/Library/Frameworks/Accelerate.framework/Versions/A/Frameworks/vecLib.framework/Versions/A/libBNNS.dylib
0x000000018834f000 	/System/Library/Frameworks/Accelerate.framework/Versions/A/Frameworks/vecLib.framework/Versions/A/libSparse.dylib
0x00000001900d8000 	/System/Library/Frameworks/MetalPerformanceShaders.framework/Versions/A/Frameworks/MPSCore.framework/Versions/A/MPSCore
0x0000000190fc1000 	/System/Library/Frameworks/MetalPerformanceShaders.framework/Versions/A/Frameworks/MPSImage.framework/Versions/A/MPSImage
0x0000000190b9e000 	/System/Library/Frameworks/MetalPerformanceShaders.framework/Versions/A/Frameworks/MPSNeuralNetwork.framework/Versions/A/MPSNeuralNetwork
0x0000000190f3f000 	/System/Library/Frameworks/MetalPerformanceShaders.framework/Versions/A/Frameworks/MPSMatrix.framework/Versions/A/MPSMatrix
0x0000000190da2000 	/System/Library/Frameworks/MetalPerformanceShaders.framework/Versions/A/Frameworks/MPSRayIntersector.framework/Versions/A/MPSRayIntersector
0x0000000190f6e000 	/System/Library/Frameworks/MetalPerformanceShaders.framework/Versions/A/Frameworks/MPSNDArray.framework/Versions/A/MPSNDArray
0x0000000187fbe000 	/System/Library/PrivateFrameworks/MetalTools.framework/Versions/A/MetalTools
0x0000000190147000 	/System/Library/PrivateFrameworks/AggregateDictionary.framework/Versions/A/AggregateDictionary
0x000000018d7c8000 	/System/Library/PrivateFrameworks/CoreAnalytics.framework/Versions/A/CoreAnalytics
0x0000000191526000 	/System/Library/PrivateFrameworks/AppleSauce.framework/Versions/A/AppleSauce
0x000000018f4e3000 	/System/Library/PrivateFrameworks/IOAccelerator.framework/Versions/A/IOAccelerator
0x00000001c990e000 	/System/Library/Frameworks/OpenGL.framework/Versions/A/Libraries/libCoreFSCache.dylib
0x0000000188a2b000 	/System/Library/PrivateFrameworks/LanguageModeling.framework/Versions/A/LanguageModeling
0x0000000190753000 	/System/Library/PrivateFrameworks/CoreEmoji.framework/Versions/A/CoreEmoji
0x00000001901dd000 	/System/Library/PrivateFrameworks/LinguisticData.framework/Versions/A/LinguisticData
0x0000000188304000 	/System/Library/PrivateFrameworks/Lexicon.framework/Versions/A/Lexicon
0x000000019142f000 	/usr/lib/libcmph.dylib
0x000000018e107000 	/System/Library/Frameworks/OpenDirectory.framework/Versions/A/Frameworks/CFOpenDirectory.framework/Versions/A/CFOpenDirectory
0x000000018e0f9000 	/System/Library/Frameworks/OpenDirectory.framework/Versions/A/OpenDirectory
0x0000000191acb000 	/System/Library/PrivateFrameworks/APFS.framework/Versions/A/APFS
0x0000000190a6f000 	/System/Library/Frameworks/SecurityFoundation.framework/Versions/A/SecurityFoundation
0x0000000191bbe000 	/usr/lib/libutil.dylib
0x0000000189fa6000 	/System/Library/PrivateFrameworks/CoreServicesStore.framework/Versions/A/CoreServicesStore
0x0000000190afd000 	/System/Library/Frameworks/ServiceManagement.framework/Versions/A/ServiceManagement
0x0000000191bc2000 	/usr/lib/libxslt.1.dylib
0x0000000190af3000 	/System/Library/PrivateFrameworks/BackgroundTaskManagement.framework/Versions/A/BackgroundTaskManagement
0x0000000192aa8000 	/System/Library/Frameworks/ImageIO.framework/Versions/A/Resources/libRadiance.dylib
0x0000000192ab1000 	/System/Library/Frameworks/ImageIO.framework/Versions/A/Resources/libJPEG.dylib
0x0000000192a00000 	/System/Library/Frameworks/ImageIO.framework/Versions/A/Resources/libPng.dylib
0x0000000192a27000 	/System/Library/Frameworks/ImageIO.framework/Versions/A/Resources/libTIFF.dylib
0x0000000192b02000 	/System/Library/Frameworks/ImageIO.framework/Versions/A/Resources/libGIF.dylib
0x000000019277d000 	/System/Library/Frameworks/ImageIO.framework/Versions/A/Resources/libJP2.dylib
0x0000000191ed4000 	/usr/lib/libexpat.1.dylib
0x0000000192739000 	/System/Library/PrivateFrameworks/AppleJPEG.framework/Versions/A/AppleJPEG
0x000000018f6f4000 	/System/Library/PrivateFrameworks/FontServices.framework/libFontParser.dylib
0x000000018d599000 	/System/Library/PrivateFrameworks/RunningBoardServices.framework/Versions/A/RunningBoardServices
0x000000019bcb4000 	/System/Library/PrivateFrameworks/IOSurfaceAccelerator.framework/Versions/A/IOSurfaceAccelerator
0x000000019285f000 	/System/Library/PrivateFrameworks/WatchdogClient.framework/Versions/A/WatchdogClient
0x0000000188b1b000 	/System/Library/Frameworks/CoreDisplay.framework/Versions/A/CoreDisplay
0x000000018f5fc000 	/System/Library/Frameworks/CoreMedia.framework/Versions/A/CoreMedia
0x000000018e28b000 	/System/Library/Frameworks/CoreVideo.framework/Versions/A/CoreVideo
0x000000019289c000 	/System/Library/Frameworks/VideoToolbox.framework/Versions/A/VideoToolbox
0x000000018d516000 	/System/Library/PrivateFrameworks/BaseBoard.framework/Versions/A/BaseBoard
0x0000000192011000 	/System/Library/PrivateFrameworks/PersistentConnection.framework/Versions/A/PersistentConnection
0x000000018d2d5000 	/System/Library/PrivateFrameworks/ProtocolBuffer.framework/Versions/A/ProtocolBuffer
0x000000018d4ff000 	/System/Library/PrivateFrameworks/CommonUtilities.framework/Versions/A/CommonUtilities
0x00000001926fe000 	/System/Library/PrivateFrameworks/Bom.framework/Versions/A/Bom
0x0000000192aa3000 	/System/Library/PrivateFrameworks/GPUWrangler.framework/Versions/A/GPUWrangler
0x0000000192a84000 	/System/Library/PrivateFrameworks/IOPresentment.framework/Versions/A/IOPresentment
0x0000000192aab000 	/System/Library/PrivateFrameworks/DSExternalDisplay.framework/Versions/A/DSExternalDisplay
0x0000000192b07000 	/System/Library/PrivateFrameworks/CMCaptureCore.framework/Versions/A/CMCaptureCore
0x0000000192499000 	/System/Library/PrivateFrameworks/AppServerSupport.framework/Versions/A/AppServerSupport
0x00000001944d3000 	/System/Library/PrivateFrameworks/perfdata.framework/Versions/A/perfdata
0x0000000190a5f000 	/System/Library/PrivateFrameworks/AssertionServices.framework/Versions/A/AssertionServices
0x0000000188c3e000 	/System/Library/PrivateFrameworks/AudioToolboxCore.framework/Versions/A/AudioToolboxCore
0x000000018f5dc000 	/System/Library/PrivateFrameworks/caulk.framework/Versions/A/caulk
0x00000001a3301000 	/System/Library/PrivateFrameworks/SystemPolicy.framework/Versions/A/SystemPolicy
0x0000000191cf9000 	/usr/lib/libIOReport.dylib
0x0000000193d6f000 	/usr/lib/libSMC.dylib
0x00000001929cd000 	/usr/lib/libAudioToolboxUtility.dylib
0x00000001a3c8e000 	/usr/lib/libmis.dylib
0x00000001c9970000 	/System/Library/Frameworks/OpenGL.framework/Versions/A/Libraries/libGLU.dylib
0x00000001c992e000 	/System/Library/Frameworks/OpenGL.framework/Versions/A/Libraries/libGFXShared.dylib
0x00000001c9b16000 	/System/Library/Frameworks/OpenGL.framework/Versions/A/Libraries/libGL.dylib
0x00000001c9937000 	/System/Library/Frameworks/OpenGL.framework/Versions/A/Libraries/libGLImage.dylib
0x00000001c992b000 	/System/Library/Frameworks/OpenGL.framework/Versions/A/Libraries/libCVMSPluginSupport.dylib
0x00000001c9915000 	/System/Library/Frameworks/OpenGL.framework/Versions/A/Libraries/libCoreVMClient.dylib
0x000000019a7ee000 	/System/Library/PrivateFrameworks/ASEProcessing.framework/Versions/A/ASEProcessing
0x0000000192038000 	/System/Library/PrivateFrameworks/GraphVisualizer.framework/Versions/A/GraphVisualizer
0x0000000192046000 	/System/Library/PrivateFrameworks/FaceCore.framework/Versions/A/FaceCore
0x0000000192459000 	/System/Library/PrivateFrameworks/OTSVG.framework/Versions/A/OTSVG
0x000000018deb4000 	/System/Library/Frameworks/ApplicationServices.framework/Versions/A/Frameworks/ATS.framework/Versions/A/Resources/libFontRegistry.dylib
0x00000001924a1000 	/System/Library/PrivateFrameworks/FontServices.framework/libhvf.dylib
0x00000001c9cb1000 	/System/Library/Frameworks/OpenCL.framework/Versions/A/OpenCL
0x0000000191e88000 	/System/Library/PrivateFrameworks/AppleVA.framework/Versions/A/AppleVA
0x0000000193bbb000 	/System/Library/Frameworks/ApplicationServices.framework/Versions/A/Frameworks/ATS.framework/Versions/A/ATS
0x0000000193ece000 	/System/Library/Frameworks/ApplicationServices.framework/Versions/A/Frameworks/ColorSyncLegacy.framework/Versions/A/ColorSyncLegacy
0x000000018cb77000 	/System/Library/Frameworks/ApplicationServices.framework/Versions/A/Frameworks/HIServices.framework/Versions/A/HIServices
0x0000000193ead000 	/System/Library/Frameworks/ApplicationServices.framework/Versions/A/Frameworks/LangAnalysis.framework/Versions/A/LangAnalysis
0x0000000192b11000 	/System/Library/Frameworks/ApplicationServices.framework/Versions/A/Frameworks/PrintCore.framework/Versions/A/PrintCore
0x0000000193ed6000 	/System/Library/Frameworks/ApplicationServices.framework/Versions/A/Frameworks/QD.framework/Versions/A/QD
0x0000000193ba7000 	/System/Library/Frameworks/ApplicationServices.framework/Versions/A/Frameworks/SpeechSynthesis.framework/Versions/A/SpeechSynthesis
0x0000000192ad2000 	/System/Library/Frameworks/ApplicationServices.framework/Versions/A/Frameworks/ATSUI.framework/Versions/A/ATSUI
0x0000000193e4f000 	/usr/lib/libcups.2.dylib
0x0000000193ec1000 	/System/Library/PrivateFrameworks/NetAuth.framework/Versions/A/NetAuth
0x00000001944ed000 	/System/Library/Frameworks/Kerberos.framework/Versions/A/Kerberos
0x00000001944fe000 	/System/Library/Frameworks/GSS.framework/Versions/A/GSS
0x0000000193c2a000 	/usr/lib/libresolv.9.dylib
0x00000001924b7000 	/System/Library/PrivateFrameworks/Heimdal.framework/Versions/A/Heimdal
0x0000000199dd9000 	/System/Library/Frameworks/Kerberos.framework/Versions/A/Libraries/libHeimdalProxy.dylib
0x000000018d66b000 	/System/Library/Frameworks/Network.framework/Versions/A/Network
0x0000000191eee000 	/usr/lib/libheimdal-asn1.dylib
0x0000000194546000 	/System/Library/PrivateFrameworks/CommonAuth.framework/Versions/A/CommonAuth
0x000000018e2df000 	/System/Library/PrivateFrameworks/login.framework/Versions/A/Frameworks/loginsupport.framework/Versions/A/loginsupport
0x0000000193b2c000 	/System/Library/PrivateFrameworks/AudioSession.framework/Versions/A/AudioSession
0x0000000193b94000 	/usr/lib/libAudioStatistics.dylib
0x0000000191f6e000 	/System/Library/PrivateFrameworks/MediaExperience.framework/Versions/A/MediaExperience
0x00000001939cd000 	/System/Library/PrivateFrameworks/AudioSession.framework/libSessionUtility.dylib
0x00000001944df000 	/usr/lib/libperfcheck.dylib
0x0000000193ee2000 	/System/Library/PrivateFrameworks/AudioResourceArbitration.framework/Versions/A/AudioResourceArbitration
0x0000000191ef7000 	/System/Library/PrivateFrameworks/IconFoundation.framework/Versions/A/IconFoundation
0x0000000196987000 	/System/Library/PrivateFrameworks/SpeechRecognitionCore.framework/Versions/A/SpeechRecognitionCore
0x0000000105000000 	/Users/martinslezak/Library/Java/JavaVirtualMachines/azul-13.0.9/Contents/Home/lib/server/libjvm.dylib
0x0000000100928000 	/Users/martinslezak/Library/Java/JavaVirtualMachines/azul-13.0.9/Contents/Home/lib/libverify.dylib
0x0000000100940000 	/Users/martinslezak/Library/Java/JavaVirtualMachines/azul-13.0.9/Contents/Home/lib/libjava.dylib
0x0000000100978000 	/Users/martinslezak/Library/Java/JavaVirtualMachines/azul-13.0.9/Contents/Home/lib/libjimage.dylib
0x0000000100994000 	/Users/martinslezak/Library/Java/JavaVirtualMachines/azul-13.0.9/Contents/Home/lib/libjdwp.dylib
0x00000001009d8000 	/Users/martinslezak/Library/Java/JavaVirtualMachines/azul-13.0.9/Contents/Home/lib/libinstrument.dylib
0x0000000100a38000 	/Users/martinslezak/Library/Java/JavaVirtualMachines/azul-13.0.9/Contents/Home/lib/libzip.dylib
0x0000000100a74000 	/Users/martinslezak/Library/Java/JavaVirtualMachines/azul-13.0.9/Contents/Home/lib/libdt_socket.dylib
0x0000000100a88000 	/Users/martinslezak/Library/Java/JavaVirtualMachines/azul-13.0.9/Contents/Home/lib/libnio.dylib
0x0000000100e54000 	/Users/martinslezak/Library/Java/JavaVirtualMachines/azul-13.0.9/Contents/Home/lib/libnet.dylib
0x0000000100e78000 	/Users/martinslezak/Library/Java/JavaVirtualMachines/azul-13.0.9/Contents/Home/lib/libmanagement.dylib
0x0000000100e8c000 	/Users/martinslezak/Library/Java/JavaVirtualMachines/azul-13.0.9/Contents/Home/lib/libmanagement_ext.dylib
0x0000000100ea0000 	/Users/martinslezak/Library/Java/JavaVirtualMachines/azul-13.0.9/Contents/Home/lib/libextnet.dylib


VM Arguments:
jvm_args: -agentlib:jdwp=transport=dt_socket,address=127.0.0.1:51319,suspend=y,server=n -Dspring.profiles.active=local -XX:TieredStopAtLevel=1 -Xverify:none -Dspring.output.ansi.enabled=always -javaagent:/Users/martinslezak/Library/Caches/JetBrains/IntelliJIdea2020.3/captureAgent/debugger-agent.jar -Dcom.sun.management.jmxremote -Dspring.jmx.enabled=true -Dspring.liveBeansView.mbeanDomain -Dspring.application.admin.enabled=true -Dfile.encoding=UTF-8 
java_command: com.og.lp.OgLpApplicationKt
java_class_path (initial): /Users/martinslezak/werk/oglp/target/classes:/Users/martinslezak/.m2/repository/org/springframework/boot/spring-boot-starter-web/2.6.1/spring-boot-starter-web-2.6.1.jar:/Users/martinslezak/.m2/repository/org/springframework/boot/spring-boot-starter/2.6.1/spring-boot-starter-2.6.1.jar:/Users/martinslezak/.m2/repository/org/springframework/boot/spring-boot/2.6.1/spring-boot-2.6.1.jar:/Users/martinslezak/.m2/repository/org/springframework/boot/spring-boot-autoconfigure/2.6.1/spring-boot-autoconfigure-2.6.1.jar:/Users/martinslezak/.m2/repository/org/springframework/boot/spring-boot-starter-logging/2.6.1/spring-boot-starter-logging-2.6.1.jar:/Users/martinslezak/.m2/repository/ch/qos/logback/logback-classic/1.2.7/logback-classic-1.2.7.jar:/Users/martinslezak/.m2/repository/ch/qos/logback/logback-core/1.2.7/logback-core-1.2.7.jar:/Users/martinslezak/.m2/repository/org/apache/logging/log4j/log4j-to-slf4j/2.14.1/log4j-to-slf4j-2.14.1.jar:/Users/martinslezak/.m2/repository/org/apache/logging/log4j/log4j-api/2.14.1/log4j-api-2.14.1.jar:/Users/martinslezak/.m2/repository/org/slf4j/jul-to-slf4j/1.7.32/jul-to-slf4j-1.7.32.jar:/Users/martinslezak/.m2/repository/jakarta/annotation/jakarta.annotation-api/1.3.5/jakarta.annotation-api-1.3.5.jar:/Users/martinslezak/.m2/repository/org/yaml/snakeyaml/1.29/snakeyaml-1.29.jar:/Users/martinslezak/.m2/repository/org/springframework/boot/spring-boot-starter-json/2.6.1/spring-boot-starter-json-2.6.1.jar:/Users/martinslezak/.m2/repository/com/fasterxml/jackson/datatype/jackson-datatype-jdk8/2.13.0/jackson-datatype-jdk8-2.13.0.jar:/Users/martinslezak/.m2/repository/com/fasterxml/jackson/datatype/jackson-datatype-jsr310/2.13.0/jackson-datatype-jsr310-2.13.0.jar:/Users/martinslezak/.m2/repository/com/fasterxml/jackson/module/jackson-module-parameter-names/2.13.0/jackson-module-parameter-names-2.13.0.jar:/Users/martinslezak/.m2/repository/org/springframework/boot/spring-boot-starter-tomcat/2.6.1/spring-boot-starter-tomc
Launcher Type: SUN_STANDARD

[Global flags]
     intx CICompilerCount                          = 4                                         {product} {ergonomic}
     uint ConcGCThreads                            = 2                                         {product} {ergonomic}
     uint G1ConcRefinementThreads                  = 8                                         {product} {ergonomic}
   size_t G1HeapRegionSize                         = 1048576                                   {product} {ergonomic}
    uintx GCDrainStackTargetSize                   = 64                                        {product} {ergonomic}
   size_t InitialHeapSize                          = 268435456                                 {product} {ergonomic}
     bool ManagementServer                         = true                                      {product} {command line}
   size_t MarkStackSize                            = 4194304                                   {product} {ergonomic}
   size_t MaxHeapSize                              = 4294967296                                {product} {ergonomic}
   size_t MaxNewSize                               = 2576351232                                {product} {ergonomic}
   size_t MinHeapDeltaBytes                        = 1048576                                   {product} {ergonomic}
   size_t MinHeapSize                              = 8388608                                   {product} {ergonomic}
    uintx NonNMethodCodeHeapSize                   = 7549744                                {pd product} {ergonomic}
    uintx NonProfiledCodeHeapSize                  = 244108496                              {pd product} {ergonomic}
    uintx ProfiledCodeHeapSize                     = 0                                      {pd product} {ergonomic}
    uintx ReservedCodeCacheSize                    = 251658240                              {pd product} {ergonomic}
     bool SegmentedCodeCache                       = true                                      {product} {ergonomic}
   size_t SoftMaxHeapSize                          = 4294967296                             {manageable} {ergonomic}
     intx TieredStopAtLevel                        = 1                                         {product} {command line}
     bool UseCompressedClassPointers               = true                                 {lp64_product} {ergonomic}
     bool UseCompressedOops                        = true                                 {lp64_product} {ergonomic}
     bool UseG1GC                                  = true                                      {product} {ergonomic}

Logging:
Log output configuration:
 #0: stdout all=warning uptime,level,tags
 #1: stderr all=off uptime,level,tags

Environment Variables:
PATH=/opt/homebrew/bin:/opt/homebrew/sbin:/usr/local/bin:/usr/bin:/bin:/usr/sbin:/sbin
SHELL=/bin/zsh
LC_CTYPE=en_US.UTF-8

Signal Handlers:
SIGSEGV: [libjvm.dylib+0x752188], sa_mask[0]=11111111011111110111111111111111, sa_flags=SA_ONSTACK|SA_RESTART|SA_SIGINFO
SIGBUS: [libjvm.dylib+0x752188], sa_mask[0]=11111111011111110111111111111111, sa_flags=SA_RESTART|SA_SIGINFO
SIGFPE: [libjvm.dylib+0x752188], sa_mask[0]=11111111011111110111111111111111, sa_flags=SA_RESTART|SA_SIGINFO
SIGPIPE: [libjvm.dylib+0x5af440], sa_mask[0]=11111111011111110111111111111111, sa_flags=SA_RESTART|SA_SIGINFO
SIGXFSZ: [libjvm.dylib+0x5af440], sa_mask[0]=11111111011111110111111111111111, sa_flags=SA_RESTART|SA_SIGINFO
SIGILL: [libjvm.dylib+0x752188], sa_mask[0]=11111111011111110111111111111111, sa_flags=SA_RESTART|SA_SIGINFO
SIGUSR2: [libjvm.dylib+0x5afa40], sa_mask[0]=00100000000000000000000000000000, sa_flags=SA_RESTART|SA_SIGINFO
SIGHUP: [libjvm.dylib+0x5ae6c8], sa_mask[0]=11111111011111110111111111111111, sa_flags=SA_RESTART|SA_SIGINFO
SIGINT: [libjvm.dylib+0x5ae6c8], sa_mask[0]=11111111011111110111111111111111, sa_flags=SA_RESTART|SA_SIGINFO
SIGTERM: [libjvm.dylib+0x5ae6c8], sa_mask[0]=11111111011111110111111111111111, sa_flags=SA_RESTART|SA_SIGINFO
SIGQUIT: [libjvm.dylib+0x5ae6c8], sa_mask[0]=11111111011111110111111111111111, sa_flags=SA_RESTART|SA_SIGINFO


---------------  S Y S T E M  ---------------

OS:uname:Darwin 20.6.0 Darwin Kernel Version 20.6.0: Wed Jun 23 00:26:27 PDT 2021; root:xnu-7195.141.2~5/RELEASE_ARM64_T8101 arm64
OS uptime: 1 days 13:34 hours
rlimit (soft/hard): STACK 8176k/65520k , CORE 0k/infinity , NPROC 2666/4000 , NOFILE 10240/infinity , AS infinity/infinity , CPU infinity/infinity , DATA infinity/infinity , FSIZE infinity/infinity , MEMLOCK infinity/infinity , RSS infinity/infinity
load average:3.44 2.86 2.79

CPU:total 8 (initial active 8) 0x61:0x0:0x1b588bb3:0, simd, crc, lse

Memory: 16k page, physical 16777216k(127184k free), swap 6291456k(1389824k free)

vm_info: OpenJDK 64-Bit Server VM (13.0.9+3-MTS) for bsd-aarch64 JRE (13.0.9+3-MTS) (Zulu13.44+13-CA), built on Oct  7 2021 11:20:54 by "zulu_re" with clang Apple LLVM 12.0.0 (clang-1200.0.32.28)

END.
